2025-10-18 00:44:26.302 +08:00 [DBG] An 'IServiceProvider' was created for internal use by Entity Framework.
2025-10-18 00:44:26.915 +08:00 [DBG] The index {'UserId'} was not created on entity type 'IdentityUserRole<string>' as the properties are already covered by the index {'UserId', 'RoleId'}.
2025-10-18 00:44:26.923 +08:00 [DBG] The index {'UserId'} was not created on entity type 'IdentityUserToken<string>' as the properties are already covered by the index {'UserId', 'LoginProvider', 'Name'}.
2025-10-18 00:44:27.065 +08:00 [WRN] The foreign key property 'AttemptStep.AttemptId1' was created in shadow state because a conflicting property with the simple name 'AttemptId' exists in the entity type, but is either not mapped, is already used for another relationship, or is incompatible with the associated primary key type. See https://aka.ms/efcore-relationships for information on mapping relationships in EF Core.
2025-10-18 00:44:27.073 +08:00 [WRN] The foreign key property 'ScenarioStep.ScenarioId1' was created in shadow state because a conflicting property with the simple name 'ScenarioId' exists in the entity type, but is either not mapped, is already used for another relationship, or is incompatible with the associated primary key type. See https://aka.ms/efcore-relationships for information on mapping relationships in EF Core.
2025-10-18 00:44:27.189 +08:00 [DBG] Entity Framework Core 9.0.10 initialized 'AppDbContext' using provider 'Npgsql.EntityFrameworkCore.PostgreSQL:9.0.4+fd2380957bee5cd86f336466af36b08c0163f1a5' with options: None
2025-10-18 00:44:29.532 +08:00 [DBG] 'AppDbContext' disposed.
2025-10-18 00:54:30.068 +08:00 [DBG] An 'IServiceProvider' was created for internal use by Entity Framework.
2025-10-18 00:54:30.696 +08:00 [DBG] The index {'UserId'} was not created on entity type 'IdentityUserRole<string>' as the properties are already covered by the index {'UserId', 'RoleId'}.
2025-10-18 00:54:30.706 +08:00 [DBG] The index {'UserId'} was not created on entity type 'IdentityUserToken<string>' as the properties are already covered by the index {'UserId', 'LoginProvider', 'Name'}.
2025-10-18 00:54:30.922 +08:00 [WRN] The foreign key property 'AttemptStep.AttemptId1' was created in shadow state because a conflicting property with the simple name 'AttemptId' exists in the entity type, but is either not mapped, is already used for another relationship, or is incompatible with the associated primary key type. See https://aka.ms/efcore-relationships for information on mapping relationships in EF Core.
2025-10-18 00:54:30.937 +08:00 [WRN] The foreign key property 'ScenarioStep.ScenarioId1' was created in shadow state because a conflicting property with the simple name 'ScenarioId' exists in the entity type, but is either not mapped, is already used for another relationship, or is incompatible with the associated primary key type. See https://aka.ms/efcore-relationships for information on mapping relationships in EF Core.
2025-10-18 00:54:31.095 +08:00 [DBG] Entity Framework Core 9.0.10 initialized 'AppDbContext' using provider 'Npgsql.EntityFrameworkCore.PostgreSQL:9.0.4+fd2380957bee5cd86f336466af36b08c0163f1a5' with options: None
2025-10-18 00:54:31.125 +08:00 [DBG] Creating DbConnection.
2025-10-18 00:54:31.184 +08:00 [DBG] Created DbConnection. (54ms).
2025-10-18 00:54:31.197 +08:00 [DBG] Opening connection to database 'edu' on server 'tcp://localhost:5432'.
2025-10-18 00:54:31.381 +08:00 [ERR] An error occurred using the connection to database 'edu' on server 'tcp://localhost:5432'.
2025-10-18 00:54:31.504 +08:00 [DBG] Migrating using database 'edu' on server 'tcp://localhost:5432'.
2025-10-18 00:54:31.512 +08:00 [DBG] Opening connection to database 'edu' on server 'tcp://localhost:5432'.
2025-10-18 00:54:31.520 +08:00 [DBG] Opening connection to database 'edu' on server 'tcp://localhost:5432'.
2025-10-18 00:54:31.576 +08:00 [DBG] An error occurred using the connection to database 'edu' on server 'tcp://localhost:5432'.
2025-10-18 00:54:31.592 +08:00 [DBG] Creating DbConnection.
2025-10-18 00:54:31.597 +08:00 [DBG] Created DbConnection. (4ms).
2025-10-18 00:54:31.602 +08:00 [DBG] Opening connection to database 'postgres' on server 'tcp://localhost:5432'.
2025-10-18 00:54:31.812 +08:00 [DBG] Opened connection to database 'postgres' on server 'tcp://localhost:5432'.
2025-10-18 00:54:31.821 +08:00 [DBG] Creating DbCommand for 'ExecuteNonQuery'.
2025-10-18 00:54:31.830 +08:00 [DBG] Created DbCommand for 'ExecuteNonQuery' (8ms).
2025-10-18 00:54:31.836 +08:00 [DBG] Initialized DbCommand for 'ExecuteNonQuery' (16ms).
2025-10-18 00:54:31.845 +08:00 [DBG] Executing DbCommand [Parameters=[], CommandType='"Text"', CommandTimeout='30']
CREATE DATABASE edu;
2025-10-18 00:54:32.346 +08:00 [INF] Executed DbCommand (495ms) [Parameters=[], CommandType='"Text"', CommandTimeout='30']
CREATE DATABASE edu;
2025-10-18 00:54:32.372 +08:00 [DBG] Closing connection to database 'postgres' on server 'tcp://localhost:5432'.
2025-10-18 00:54:32.396 +08:00 [DBG] Closed connection to database 'postgres' on server 'tcp://localhost:5432' (22ms).
2025-10-18 00:54:32.407 +08:00 [DBG] Disposing connection to database 'postgres' on server 'tcp://localhost:5432'.
2025-10-18 00:54:32.415 +08:00 [DBG] Disposed connection to database 'postgres' on server 'tcp://localhost:5432' (5ms).
2025-10-18 00:54:32.424 +08:00 [DBG] Opening connection to database 'edu' on server 'tcp://localhost:5432'.
2025-10-18 00:54:32.432 +08:00 [DBG] Opening connection to database 'edu' on server 'tcp://localhost:5432'.
2025-10-18 00:54:32.559 +08:00 [DBG] Opened connection to database 'edu' on server 'tcp://localhost:5432'.
2025-10-18 00:54:32.563 +08:00 [DBG] Closing connection to database 'edu' on server 'tcp://localhost:5432'.
2025-10-18 00:54:32.569 +08:00 [DBG] Closed connection to database 'edu' on server 'tcp://localhost:5432' (5ms).
2025-10-18 00:54:32.576 +08:00 [DBG] Opening connection to database 'edu' on server 'tcp://localhost:5432'.
2025-10-18 00:54:32.647 +08:00 [DBG] Opened connection to database 'edu' on server 'tcp://localhost:5432'.
2025-10-18 00:54:32.698 +08:00 [DBG] Creating DbCommand for 'ExecuteNonQuery'.
2025-10-18 00:54:32.703 +08:00 [DBG] Created DbCommand for 'ExecuteNonQuery' (4ms).
2025-10-18 00:54:32.707 +08:00 [DBG] Initialized DbCommand for 'ExecuteNonQuery' (9ms).
2025-10-18 00:54:32.712 +08:00 [DBG] Executing DbCommand [Parameters=[], CommandType='"Text"', CommandTimeout='30']
CREATE TABLE IF NOT EXISTS "__EFMigrationsHistory" (
    "MigrationId" character varying(150) NOT NULL,
    "ProductVersion" character varying(32) NOT NULL,
    CONSTRAINT "PK___EFMigrationsHistory" PRIMARY KEY ("MigrationId")
);
2025-10-18 00:54:32.735 +08:00 [INF] Executed DbCommand (23ms) [Parameters=[], CommandType='"Text"', CommandTimeout='30']
CREATE TABLE IF NOT EXISTS "__EFMigrationsHistory" (
    "MigrationId" character varying(150) NOT NULL,
    "ProductVersion" character varying(32) NOT NULL,
    CONSTRAINT "PK___EFMigrationsHistory" PRIMARY KEY ("MigrationId")
);
2025-10-18 00:54:32.762 +08:00 [DBG] Beginning transaction with isolation level 'Unspecified'.
2025-10-18 00:54:32.784 +08:00 [DBG] Began transaction with isolation level 'ReadCommitted'.
2025-10-18 00:54:32.796 +08:00 [INF] Acquiring an exclusive lock for migration application. See https://aka.ms/efcore-docs-migrations-lock for more information if this takes too long.
2025-10-18 00:54:32.800 +08:00 [DBG] Creating DbCommand for 'ExecuteNonQuery'.
2025-10-18 00:54:32.804 +08:00 [DBG] Created DbCommand for 'ExecuteNonQuery' (4ms).
2025-10-18 00:54:32.809 +08:00 [DBG] Initialized DbCommand for 'ExecuteNonQuery' (9ms).
2025-10-18 00:54:32.814 +08:00 [DBG] Executing DbCommand [Parameters=[], CommandType='"Text"', CommandTimeout='30']
LOCK TABLE "__EFMigrationsHistory" IN ACCESS EXCLUSIVE MODE
2025-10-18 00:54:32.821 +08:00 [INF] Executed DbCommand (7ms) [Parameters=[], CommandType='"Text"', CommandTimeout='30']
LOCK TABLE "__EFMigrationsHistory" IN ACCESS EXCLUSIVE MODE
2025-10-18 00:54:32.827 +08:00 [DBG] Creating DbCommand for 'ExecuteReader'.
2025-10-18 00:54:32.831 +08:00 [DBG] Created DbCommand for 'ExecuteReader' (3ms).
2025-10-18 00:54:32.836 +08:00 [DBG] Initialized DbCommand for 'ExecuteReader' (8ms).
2025-10-18 00:54:32.841 +08:00 [DBG] Executing DbCommand [Parameters=[], CommandType='"Text"', CommandTimeout='30']
SELECT "MigrationId", "ProductVersion"
FROM "__EFMigrationsHistory"
ORDER BY "MigrationId";
2025-10-18 00:54:32.849 +08:00 [INF] Executed DbCommand (9ms) [Parameters=[], CommandType='"Text"', CommandTimeout='30']
SELECT "MigrationId", "ProductVersion"
FROM "__EFMigrationsHistory"
ORDER BY "MigrationId";
2025-10-18 00:54:32.858 +08:00 [DBG] Closing data reader to 'edu' on server 'tcp://localhost:5432'.
2025-10-18 00:54:32.864 +08:00 [DBG] A data reader for 'edu' on server 'tcp://localhost:5432' is being disposed after spending 6ms reading results.
2025-10-18 00:54:32.874 +08:00 [INF] Applying migration '20251017164429_InitialCreate'.
2025-10-18 00:54:32.914 +08:00 [DBG] Creating DbCommand for 'ExecuteNonQuery'.
2025-10-18 00:54:32.918 +08:00 [DBG] Created DbCommand for 'ExecuteNonQuery' (4ms).
2025-10-18 00:54:32.922 +08:00 [DBG] Initialized DbCommand for 'ExecuteNonQuery' (7ms).
2025-10-18 00:54:32.926 +08:00 [DBG] Executing DbCommand [Parameters=[], CommandType='"Text"', CommandTimeout='30']
CREATE TABLE public."Achievements" (
    "Id" uuid NOT NULL,
    "Code" text NOT NULL,
    "Title" text NOT NULL,
    "Description" text NOT NULL,
    "IconUrl" text,
    "RuleJson" character varying(2000) NOT NULL,
    CONSTRAINT "PK_Achievements" PRIMARY KEY ("Id")
);
2025-10-18 00:54:32.936 +08:00 [INF] Executed DbCommand (10ms) [Parameters=[], CommandType='"Text"', CommandTimeout='30']
CREATE TABLE public."Achievements" (
    "Id" uuid NOT NULL,
    "Code" text NOT NULL,
    "Title" text NOT NULL,
    "Description" text NOT NULL,
    "IconUrl" text,
    "RuleJson" character varying(2000) NOT NULL,
    CONSTRAINT "PK_Achievements" PRIMARY KEY ("Id")
);
2025-10-18 00:54:32.942 +08:00 [DBG] Creating DbCommand for 'ExecuteNonQuery'.
2025-10-18 00:54:32.947 +08:00 [DBG] Created DbCommand for 'ExecuteNonQuery' (4ms).
2025-10-18 00:54:32.952 +08:00 [DBG] Initialized DbCommand for 'ExecuteNonQuery' (9ms).
2025-10-18 00:54:32.956 +08:00 [DBG] Executing DbCommand [Parameters=[], CommandType='"Text"', CommandTimeout='30']
CREATE TABLE public."AspNetRoles" (
    "Id" text NOT NULL,
    "Name" character varying(256),
    "NormalizedName" character varying(256),
    "ConcurrencyStamp" text,
    CONSTRAINT "PK_AspNetRoles" PRIMARY KEY ("Id")
);
2025-10-18 00:54:32.969 +08:00 [INF] Executed DbCommand (13ms) [Parameters=[], CommandType='"Text"', CommandTimeout='30']
CREATE TABLE public."AspNetRoles" (
    "Id" text NOT NULL,
    "Name" character varying(256),
    "NormalizedName" character varying(256),
    "ConcurrencyStamp" text,
    CONSTRAINT "PK_AspNetRoles" PRIMARY KEY ("Id")
);
2025-10-18 00:54:32.981 +08:00 [DBG] Creating DbCommand for 'ExecuteNonQuery'.
2025-10-18 00:54:32.990 +08:00 [DBG] Created DbCommand for 'ExecuteNonQuery' (8ms).
2025-10-18 00:54:32.996 +08:00 [DBG] Initialized DbCommand for 'ExecuteNonQuery' (15ms).
2025-10-18 00:54:33.011 +08:00 [DBG] Executing DbCommand [Parameters=[], CommandType='"Text"', CommandTimeout='30']
CREATE TABLE public."AspNetUsers" (
    "Id" text NOT NULL,
    "DisplayName" text,
    "TelegramId" text,
    "TelegramUsername" text,
    "CreatedAt" timestamp with time zone NOT NULL,
    "UserName" character varying(256),
    "NormalizedUserName" character varying(256),
    "Email" character varying(256),
    "NormalizedEmail" character varying(256),
    "EmailConfirmed" boolean NOT NULL,
    "PasswordHash" text,
    "SecurityStamp" text,
    "ConcurrencyStamp" text,
    "PhoneNumber" text,
    "PhoneNumberConfirmed" boolean NOT NULL,
    "TwoFactorEnabled" boolean NOT NULL,
    "LockoutEnd" timestamp with time zone,
    "LockoutEnabled" boolean NOT NULL,
    "AccessFailedCount" integer NOT NULL,
    CONSTRAINT "PK_AspNetUsers" PRIMARY KEY ("Id")
);
2025-10-18 00:54:33.036 +08:00 [INF] Executed DbCommand (24ms) [Parameters=[], CommandType='"Text"', CommandTimeout='30']
CREATE TABLE public."AspNetUsers" (
    "Id" text NOT NULL,
    "DisplayName" text,
    "TelegramId" text,
    "TelegramUsername" text,
    "CreatedAt" timestamp with time zone NOT NULL,
    "UserName" character varying(256),
    "NormalizedUserName" character varying(256),
    "Email" character varying(256),
    "NormalizedEmail" character varying(256),
    "EmailConfirmed" boolean NOT NULL,
    "PasswordHash" text,
    "SecurityStamp" text,
    "ConcurrencyStamp" text,
    "PhoneNumber" text,
    "PhoneNumberConfirmed" boolean NOT NULL,
    "TwoFactorEnabled" boolean NOT NULL,
    "LockoutEnd" timestamp with time zone,
    "LockoutEnabled" boolean NOT NULL,
    "AccessFailedCount" integer NOT NULL,
    CONSTRAINT "PK_AspNetUsers" PRIMARY KEY ("Id")
);
2025-10-18 00:54:33.047 +08:00 [DBG] Creating DbCommand for 'ExecuteNonQuery'.
2025-10-18 00:54:33.053 +08:00 [DBG] Created DbCommand for 'ExecuteNonQuery' (6ms).
2025-10-18 00:54:33.057 +08:00 [DBG] Initialized DbCommand for 'ExecuteNonQuery' (10ms).
2025-10-18 00:54:33.062 +08:00 [DBG] Executing DbCommand [Parameters=[], CommandType='"Text"', CommandTimeout='30']
CREATE TABLE public."Attempts" (
    "Id" uuid NOT NULL,
    "ScenarioId" uuid NOT NULL,
    "UserId" text NOT NULL,
    "StartedAt" timestamp with time zone NOT NULL,
    "FinishedAt" timestamp with time zone,
    "Score" integer NOT NULL,
    "Status" integer NOT NULL,
    CONSTRAINT "PK_Attempts" PRIMARY KEY ("Id")
);
2025-10-18 00:54:33.073 +08:00 [INF] Executed DbCommand (11ms) [Parameters=[], CommandType='"Text"', CommandTimeout='30']
CREATE TABLE public."Attempts" (
    "Id" uuid NOT NULL,
    "ScenarioId" uuid NOT NULL,
    "UserId" text NOT NULL,
    "StartedAt" timestamp with time zone NOT NULL,
    "FinishedAt" timestamp with time zone,
    "Score" integer NOT NULL,
    "Status" integer NOT NULL,
    CONSTRAINT "PK_Attempts" PRIMARY KEY ("Id")
);
2025-10-18 00:54:33.080 +08:00 [DBG] Creating DbCommand for 'ExecuteNonQuery'.
2025-10-18 00:54:33.085 +08:00 [DBG] Created DbCommand for 'ExecuteNonQuery' (5ms).
2025-10-18 00:54:33.091 +08:00 [DBG] Initialized DbCommand for 'ExecuteNonQuery' (11ms).
2025-10-18 00:54:33.095 +08:00 [DBG] Executing DbCommand [Parameters=[], CommandType='"Text"', CommandTimeout='30']
CREATE TABLE public."BotUpdateLogs" (
    "Id" uuid NOT NULL,
    "UpdateId" bigint NOT NULL,
    "ReceivedAt" timestamp with time zone NOT NULL,
    "Type" text NOT NULL,
    "PayloadJson" character varying(4000) NOT NULL,
    "ProcessedAt" timestamp with time zone,
    CONSTRAINT "PK_BotUpdateLogs" PRIMARY KEY ("Id")
);
2025-10-18 00:54:33.108 +08:00 [INF] Executed DbCommand (13ms) [Parameters=[], CommandType='"Text"', CommandTimeout='30']
CREATE TABLE public."BotUpdateLogs" (
    "Id" uuid NOT NULL,
    "UpdateId" bigint NOT NULL,
    "ReceivedAt" timestamp with time zone NOT NULL,
    "Type" text NOT NULL,
    "PayloadJson" character varying(4000) NOT NULL,
    "ProcessedAt" timestamp with time zone,
    CONSTRAINT "PK_BotUpdateLogs" PRIMARY KEY ("Id")
);
2025-10-18 00:54:33.117 +08:00 [DBG] Creating DbCommand for 'ExecuteNonQuery'.
2025-10-18 00:54:33.124 +08:00 [DBG] Created DbCommand for 'ExecuteNonQuery' (6ms).
2025-10-18 00:54:33.130 +08:00 [DBG] Initialized DbCommand for 'ExecuteNonQuery' (13ms).
2025-10-18 00:54:33.137 +08:00 [DBG] Executing DbCommand [Parameters=[], CommandType='"Text"', CommandTimeout='30']
CREATE TABLE public."Scenarios" (
    "Id" uuid NOT NULL,
    "Title" character varying(200) NOT NULL,
    "Slug" character varying(200) NOT NULL,
    "Description" character varying(4000) NOT NULL,
    "Tags" character varying(200) NOT NULL,
    "Difficulty" integer NOT NULL,
    "IsPublished" boolean NOT NULL,
    "AuthorId" text NOT NULL,
    "CreatedAt" timestamp with time zone NOT NULL,
    "UpdatedAt" timestamp with time zone NOT NULL,
    CONSTRAINT "PK_Scenarios" PRIMARY KEY ("Id")
);
2025-10-18 00:54:33.149 +08:00 [INF] Executed DbCommand (12ms) [Parameters=[], CommandType='"Text"', CommandTimeout='30']
CREATE TABLE public."Scenarios" (
    "Id" uuid NOT NULL,
    "Title" character varying(200) NOT NULL,
    "Slug" character varying(200) NOT NULL,
    "Description" character varying(4000) NOT NULL,
    "Tags" character varying(200) NOT NULL,
    "Difficulty" integer NOT NULL,
    "IsPublished" boolean NOT NULL,
    "AuthorId" text NOT NULL,
    "CreatedAt" timestamp with time zone NOT NULL,
    "UpdatedAt" timestamp with time zone NOT NULL,
    CONSTRAINT "PK_Scenarios" PRIMARY KEY ("Id")
);
2025-10-18 00:54:33.159 +08:00 [DBG] Creating DbCommand for 'ExecuteNonQuery'.
2025-10-18 00:54:33.163 +08:00 [DBG] Created DbCommand for 'ExecuteNonQuery' (4ms).
2025-10-18 00:54:33.168 +08:00 [DBG] Initialized DbCommand for 'ExecuteNonQuery' (9ms).
2025-10-18 00:54:33.173 +08:00 [DBG] Executing DbCommand [Parameters=[], CommandType='"Text"', CommandTimeout='30']
CREATE TABLE public."TelegramLinks" (
    "Id" uuid NOT NULL,
    "UserId" text NOT NULL,
    "OneTimeCode" text NOT NULL,
    "ExpiresAt" timestamp with time zone NOT NULL,
    "ConsumedAt" timestamp with time zone,
    CONSTRAINT "PK_TelegramLinks" PRIMARY KEY ("Id")
);
2025-10-18 00:54:33.190 +08:00 [INF] Executed DbCommand (17ms) [Parameters=[], CommandType='"Text"', CommandTimeout='30']
CREATE TABLE public."TelegramLinks" (
    "Id" uuid NOT NULL,
    "UserId" text NOT NULL,
    "OneTimeCode" text NOT NULL,
    "ExpiresAt" timestamp with time zone NOT NULL,
    "ConsumedAt" timestamp with time zone,
    CONSTRAINT "PK_TelegramLinks" PRIMARY KEY ("Id")
);
2025-10-18 00:54:33.203 +08:00 [DBG] Creating DbCommand for 'ExecuteNonQuery'.
2025-10-18 00:54:33.207 +08:00 [DBG] Created DbCommand for 'ExecuteNonQuery' (4ms).
2025-10-18 00:54:33.213 +08:00 [DBG] Initialized DbCommand for 'ExecuteNonQuery' (10ms).
2025-10-18 00:54:33.219 +08:00 [DBG] Executing DbCommand [Parameters=[], CommandType='"Text"', CommandTimeout='30']
CREATE TABLE public."UserAchievements" (
    "Id" uuid NOT NULL,
    "UserId" text NOT NULL,
    "AchievementId" uuid NOT NULL,
    "AwardedAt" timestamp with time zone NOT NULL,
    CONSTRAINT "PK_UserAchievements" PRIMARY KEY ("Id")
);
2025-10-18 00:54:33.229 +08:00 [INF] Executed DbCommand (10ms) [Parameters=[], CommandType='"Text"', CommandTimeout='30']
CREATE TABLE public."UserAchievements" (
    "Id" uuid NOT NULL,
    "UserId" text NOT NULL,
    "AchievementId" uuid NOT NULL,
    "AwardedAt" timestamp with time zone NOT NULL,
    CONSTRAINT "PK_UserAchievements" PRIMARY KEY ("Id")
);
2025-10-18 00:54:33.240 +08:00 [DBG] Creating DbCommand for 'ExecuteNonQuery'.
2025-10-18 00:54:33.248 +08:00 [DBG] Created DbCommand for 'ExecuteNonQuery' (7ms).
2025-10-18 00:54:33.254 +08:00 [DBG] Initialized DbCommand for 'ExecuteNonQuery' (14ms).
2025-10-18 00:54:33.258 +08:00 [DBG] Executing DbCommand [Parameters=[], CommandType='"Text"', CommandTimeout='30']
CREATE TABLE public."AspNetRoleClaims" (
    "Id" integer GENERATED BY DEFAULT AS IDENTITY,
    "RoleId" text NOT NULL,
    "ClaimType" text,
    "ClaimValue" text,
    CONSTRAINT "PK_AspNetRoleClaims" PRIMARY KEY ("Id"),
    CONSTRAINT "FK_AspNetRoleClaims_AspNetRoles_RoleId" FOREIGN KEY ("RoleId") REFERENCES public."AspNetRoles" ("Id") ON DELETE CASCADE
);
2025-10-18 00:54:33.276 +08:00 [INF] Executed DbCommand (18ms) [Parameters=[], CommandType='"Text"', CommandTimeout='30']
CREATE TABLE public."AspNetRoleClaims" (
    "Id" integer GENERATED BY DEFAULT AS IDENTITY,
    "RoleId" text NOT NULL,
    "ClaimType" text,
    "ClaimValue" text,
    CONSTRAINT "PK_AspNetRoleClaims" PRIMARY KEY ("Id"),
    CONSTRAINT "FK_AspNetRoleClaims_AspNetRoles_RoleId" FOREIGN KEY ("RoleId") REFERENCES public."AspNetRoles" ("Id") ON DELETE CASCADE
);
2025-10-18 00:54:33.287 +08:00 [DBG] Creating DbCommand for 'ExecuteNonQuery'.
2025-10-18 00:54:33.291 +08:00 [DBG] Created DbCommand for 'ExecuteNonQuery' (3ms).
2025-10-18 00:54:33.296 +08:00 [DBG] Initialized DbCommand for 'ExecuteNonQuery' (8ms).
2025-10-18 00:54:33.303 +08:00 [DBG] Executing DbCommand [Parameters=[], CommandType='"Text"', CommandTimeout='30']
CREATE TABLE public."AspNetUserClaims" (
    "Id" integer GENERATED BY DEFAULT AS IDENTITY,
    "UserId" text NOT NULL,
    "ClaimType" text,
    "ClaimValue" text,
    CONSTRAINT "PK_AspNetUserClaims" PRIMARY KEY ("Id"),
    CONSTRAINT "FK_AspNetUserClaims_AspNetUsers_UserId" FOREIGN KEY ("UserId") REFERENCES public."AspNetUsers" ("Id") ON DELETE CASCADE
);
2025-10-18 00:54:33.313 +08:00 [INF] Executed DbCommand (10ms) [Parameters=[], CommandType='"Text"', CommandTimeout='30']
CREATE TABLE public."AspNetUserClaims" (
    "Id" integer GENERATED BY DEFAULT AS IDENTITY,
    "UserId" text NOT NULL,
    "ClaimType" text,
    "ClaimValue" text,
    CONSTRAINT "PK_AspNetUserClaims" PRIMARY KEY ("Id"),
    CONSTRAINT "FK_AspNetUserClaims_AspNetUsers_UserId" FOREIGN KEY ("UserId") REFERENCES public."AspNetUsers" ("Id") ON DELETE CASCADE
);
2025-10-18 00:54:33.321 +08:00 [DBG] Creating DbCommand for 'ExecuteNonQuery'.
2025-10-18 00:54:33.324 +08:00 [DBG] Created DbCommand for 'ExecuteNonQuery' (3ms).
2025-10-18 00:54:33.328 +08:00 [DBG] Initialized DbCommand for 'ExecuteNonQuery' (7ms).
2025-10-18 00:54:33.334 +08:00 [DBG] Executing DbCommand [Parameters=[], CommandType='"Text"', CommandTimeout='30']
CREATE TABLE public."AspNetUserLogins" (
    "LoginProvider" text NOT NULL,
    "ProviderKey" text NOT NULL,
    "ProviderDisplayName" text,
    "UserId" text NOT NULL,
    CONSTRAINT "PK_AspNetUserLogins" PRIMARY KEY ("LoginProvider", "ProviderKey"),
    CONSTRAINT "FK_AspNetUserLogins_AspNetUsers_UserId" FOREIGN KEY ("UserId") REFERENCES public."AspNetUsers" ("Id") ON DELETE CASCADE
);
2025-10-18 00:54:33.343 +08:00 [INF] Executed DbCommand (10ms) [Parameters=[], CommandType='"Text"', CommandTimeout='30']
CREATE TABLE public."AspNetUserLogins" (
    "LoginProvider" text NOT NULL,
    "ProviderKey" text NOT NULL,
    "ProviderDisplayName" text,
    "UserId" text NOT NULL,
    CONSTRAINT "PK_AspNetUserLogins" PRIMARY KEY ("LoginProvider", "ProviderKey"),
    CONSTRAINT "FK_AspNetUserLogins_AspNetUsers_UserId" FOREIGN KEY ("UserId") REFERENCES public."AspNetUsers" ("Id") ON DELETE CASCADE
);
2025-10-18 00:54:33.351 +08:00 [DBG] Creating DbCommand for 'ExecuteNonQuery'.
2025-10-18 00:54:33.355 +08:00 [DBG] Created DbCommand for 'ExecuteNonQuery' (3ms).
2025-10-18 00:54:33.360 +08:00 [DBG] Initialized DbCommand for 'ExecuteNonQuery' (8ms).
2025-10-18 00:54:33.365 +08:00 [DBG] Executing DbCommand [Parameters=[], CommandType='"Text"', CommandTimeout='30']
CREATE TABLE public."AspNetUserRoles" (
    "UserId" text NOT NULL,
    "RoleId" text NOT NULL,
    CONSTRAINT "PK_AspNetUserRoles" PRIMARY KEY ("UserId", "RoleId"),
    CONSTRAINT "FK_AspNetUserRoles_AspNetRoles_RoleId" FOREIGN KEY ("RoleId") REFERENCES public."AspNetRoles" ("Id") ON DELETE CASCADE,
    CONSTRAINT "FK_AspNetUserRoles_AspNetUsers_UserId" FOREIGN KEY ("UserId") REFERENCES public."AspNetUsers" ("Id") ON DELETE CASCADE
);
2025-10-18 00:54:33.374 +08:00 [INF] Executed DbCommand (9ms) [Parameters=[], CommandType='"Text"', CommandTimeout='30']
CREATE TABLE public."AspNetUserRoles" (
    "UserId" text NOT NULL,
    "RoleId" text NOT NULL,
    CONSTRAINT "PK_AspNetUserRoles" PRIMARY KEY ("UserId", "RoleId"),
    CONSTRAINT "FK_AspNetUserRoles_AspNetRoles_RoleId" FOREIGN KEY ("RoleId") REFERENCES public."AspNetRoles" ("Id") ON DELETE CASCADE,
    CONSTRAINT "FK_AspNetUserRoles_AspNetUsers_UserId" FOREIGN KEY ("UserId") REFERENCES public."AspNetUsers" ("Id") ON DELETE CASCADE
);
2025-10-18 00:54:33.382 +08:00 [DBG] Creating DbCommand for 'ExecuteNonQuery'.
2025-10-18 00:54:33.386 +08:00 [DBG] Created DbCommand for 'ExecuteNonQuery' (4ms).
2025-10-18 00:54:33.393 +08:00 [DBG] Initialized DbCommand for 'ExecuteNonQuery' (11ms).
2025-10-18 00:54:33.399 +08:00 [DBG] Executing DbCommand [Parameters=[], CommandType='"Text"', CommandTimeout='30']
CREATE TABLE public."AspNetUserTokens" (
    "UserId" text NOT NULL,
    "LoginProvider" text NOT NULL,
    "Name" text NOT NULL,
    "Value" text,
    CONSTRAINT "PK_AspNetUserTokens" PRIMARY KEY ("UserId", "LoginProvider", "Name"),
    CONSTRAINT "FK_AspNetUserTokens_AspNetUsers_UserId" FOREIGN KEY ("UserId") REFERENCES public."AspNetUsers" ("Id") ON DELETE CASCADE
);
2025-10-18 00:54:33.409 +08:00 [INF] Executed DbCommand (10ms) [Parameters=[], CommandType='"Text"', CommandTimeout='30']
CREATE TABLE public."AspNetUserTokens" (
    "UserId" text NOT NULL,
    "LoginProvider" text NOT NULL,
    "Name" text NOT NULL,
    "Value" text,
    CONSTRAINT "PK_AspNetUserTokens" PRIMARY KEY ("UserId", "LoginProvider", "Name"),
    CONSTRAINT "FK_AspNetUserTokens_AspNetUsers_UserId" FOREIGN KEY ("UserId") REFERENCES public."AspNetUsers" ("Id") ON DELETE CASCADE
);
2025-10-18 00:54:33.418 +08:00 [DBG] Creating DbCommand for 'ExecuteNonQuery'.
2025-10-18 00:54:33.426 +08:00 [DBG] Created DbCommand for 'ExecuteNonQuery' (7ms).
2025-10-18 00:54:33.437 +08:00 [DBG] Initialized DbCommand for 'ExecuteNonQuery' (18ms).
2025-10-18 00:54:33.442 +08:00 [DBG] Executing DbCommand [Parameters=[], CommandType='"Text"', CommandTimeout='30']
CREATE TABLE public."AttemptSteps" (
    "Id" uuid NOT NULL,
    "AttemptId" uuid NOT NULL,
    "StepId" uuid NOT NULL,
    "AnswerJson" character varying(4000) NOT NULL,
    "IsCorrect" boolean,
    "ScoreAwarded" integer NOT NULL,
    "ReviewedBy" text,
    "ReviewedAt" timestamp with time zone,
    "AttemptId1" uuid,
    CONSTRAINT "PK_AttemptSteps" PRIMARY KEY ("Id"),
    CONSTRAINT "FK_AttemptSteps_Attempts_AttemptId" FOREIGN KEY ("AttemptId") REFERENCES public."Attempts" ("Id") ON DELETE CASCADE,
    CONSTRAINT "FK_AttemptSteps_Attempts_AttemptId1" FOREIGN KEY ("AttemptId1") REFERENCES public."Attempts" ("Id")
);
2025-10-18 00:54:33.479 +08:00 [INF] Executed DbCommand (37ms) [Parameters=[], CommandType='"Text"', CommandTimeout='30']
CREATE TABLE public."AttemptSteps" (
    "Id" uuid NOT NULL,
    "AttemptId" uuid NOT NULL,
    "StepId" uuid NOT NULL,
    "AnswerJson" character varying(4000) NOT NULL,
    "IsCorrect" boolean,
    "ScoreAwarded" integer NOT NULL,
    "ReviewedBy" text,
    "ReviewedAt" timestamp with time zone,
    "AttemptId1" uuid,
    CONSTRAINT "PK_AttemptSteps" PRIMARY KEY ("Id"),
    CONSTRAINT "FK_AttemptSteps_Attempts_AttemptId" FOREIGN KEY ("AttemptId") REFERENCES public."Attempts" ("Id") ON DELETE CASCADE,
    CONSTRAINT "FK_AttemptSteps_Attempts_AttemptId1" FOREIGN KEY ("AttemptId1") REFERENCES public."Attempts" ("Id")
);
2025-10-18 00:54:33.492 +08:00 [DBG] Creating DbCommand for 'ExecuteNonQuery'.
2025-10-18 00:54:33.497 +08:00 [DBG] Created DbCommand for 'ExecuteNonQuery' (4ms).
2025-10-18 00:54:33.503 +08:00 [DBG] Initialized DbCommand for 'ExecuteNonQuery' (10ms).
2025-10-18 00:54:33.507 +08:00 [DBG] Executing DbCommand [Parameters=[], CommandType='"Text"', CommandTimeout='30']
CREATE TABLE public."ScenarioSteps" (
    "Id" uuid NOT NULL,
    "ScenarioId" uuid NOT NULL,
    "Order" integer NOT NULL,
    "StepType" integer NOT NULL,
    "Title" text,
    "Content" character varying(4000) NOT NULL,
    "MaxScore" integer NOT NULL,
    "ScenarioId1" uuid,
    CONSTRAINT "PK_ScenarioSteps" PRIMARY KEY ("Id"),
    CONSTRAINT "FK_ScenarioSteps_Scenarios_ScenarioId" FOREIGN KEY ("ScenarioId") REFERENCES public."Scenarios" ("Id") ON DELETE CASCADE,
    CONSTRAINT "FK_ScenarioSteps_Scenarios_ScenarioId1" FOREIGN KEY ("ScenarioId1") REFERENCES public."Scenarios" ("Id")
);
2025-10-18 00:54:33.520 +08:00 [INF] Executed DbCommand (13ms) [Parameters=[], CommandType='"Text"', CommandTimeout='30']
CREATE TABLE public."ScenarioSteps" (
    "Id" uuid NOT NULL,
    "ScenarioId" uuid NOT NULL,
    "Order" integer NOT NULL,
    "StepType" integer NOT NULL,
    "Title" text,
    "Content" character varying(4000) NOT NULL,
    "MaxScore" integer NOT NULL,
    "ScenarioId1" uuid,
    CONSTRAINT "PK_ScenarioSteps" PRIMARY KEY ("Id"),
    CONSTRAINT "FK_ScenarioSteps_Scenarios_ScenarioId" FOREIGN KEY ("ScenarioId") REFERENCES public."Scenarios" ("Id") ON DELETE CASCADE,
    CONSTRAINT "FK_ScenarioSteps_Scenarios_ScenarioId1" FOREIGN KEY ("ScenarioId1") REFERENCES public."Scenarios" ("Id")
);
2025-10-18 00:54:33.528 +08:00 [DBG] Creating DbCommand for 'ExecuteNonQuery'.
2025-10-18 00:54:33.535 +08:00 [DBG] Created DbCommand for 'ExecuteNonQuery' (6ms).
2025-10-18 00:54:33.542 +08:00 [DBG] Initialized DbCommand for 'ExecuteNonQuery' (13ms).
2025-10-18 00:54:33.547 +08:00 [DBG] Executing DbCommand [Parameters=[], CommandType='"Text"', CommandTimeout='30']
CREATE UNIQUE INDEX "IX_Achievements_Code" ON public."Achievements" ("Code");
2025-10-18 00:54:33.555 +08:00 [INF] Executed DbCommand (8ms) [Parameters=[], CommandType='"Text"', CommandTimeout='30']
CREATE UNIQUE INDEX "IX_Achievements_Code" ON public."Achievements" ("Code");
2025-10-18 00:54:33.563 +08:00 [DBG] Creating DbCommand for 'ExecuteNonQuery'.
2025-10-18 00:54:33.566 +08:00 [DBG] Created DbCommand for 'ExecuteNonQuery' (3ms).
2025-10-18 00:54:33.571 +08:00 [DBG] Initialized DbCommand for 'ExecuteNonQuery' (8ms).
2025-10-18 00:54:33.576 +08:00 [DBG] Executing DbCommand [Parameters=[], CommandType='"Text"', CommandTimeout='30']
CREATE INDEX "IX_AspNetRoleClaims_RoleId" ON public."AspNetRoleClaims" ("RoleId");
2025-10-18 00:54:33.584 +08:00 [INF] Executed DbCommand (8ms) [Parameters=[], CommandType='"Text"', CommandTimeout='30']
CREATE INDEX "IX_AspNetRoleClaims_RoleId" ON public."AspNetRoleClaims" ("RoleId");
2025-10-18 00:54:33.593 +08:00 [DBG] Creating DbCommand for 'ExecuteNonQuery'.
2025-10-18 00:54:33.596 +08:00 [DBG] Created DbCommand for 'ExecuteNonQuery' (3ms).
2025-10-18 00:54:33.601 +08:00 [DBG] Initialized DbCommand for 'ExecuteNonQuery' (8ms).
2025-10-18 00:54:33.605 +08:00 [DBG] Executing DbCommand [Parameters=[], CommandType='"Text"', CommandTimeout='30']
CREATE UNIQUE INDEX "RoleNameIndex" ON public."AspNetRoles" ("NormalizedName");
2025-10-18 00:54:33.611 +08:00 [INF] Executed DbCommand (6ms) [Parameters=[], CommandType='"Text"', CommandTimeout='30']
CREATE UNIQUE INDEX "RoleNameIndex" ON public."AspNetRoles" ("NormalizedName");
2025-10-18 00:54:33.618 +08:00 [DBG] Creating DbCommand for 'ExecuteNonQuery'.
2025-10-18 00:54:33.621 +08:00 [DBG] Created DbCommand for 'ExecuteNonQuery' (3ms).
2025-10-18 00:54:33.625 +08:00 [DBG] Initialized DbCommand for 'ExecuteNonQuery' (7ms).
2025-10-18 00:54:33.630 +08:00 [DBG] Executing DbCommand [Parameters=[], CommandType='"Text"', CommandTimeout='30']
CREATE INDEX "IX_AspNetUserClaims_UserId" ON public."AspNetUserClaims" ("UserId");
2025-10-18 00:54:33.637 +08:00 [INF] Executed DbCommand (7ms) [Parameters=[], CommandType='"Text"', CommandTimeout='30']
CREATE INDEX "IX_AspNetUserClaims_UserId" ON public."AspNetUserClaims" ("UserId");
2025-10-18 00:54:33.643 +08:00 [DBG] Creating DbCommand for 'ExecuteNonQuery'.
2025-10-18 00:54:33.647 +08:00 [DBG] Created DbCommand for 'ExecuteNonQuery' (3ms).
2025-10-18 00:54:33.651 +08:00 [DBG] Initialized DbCommand for 'ExecuteNonQuery' (8ms).
2025-10-18 00:54:33.655 +08:00 [DBG] Executing DbCommand [Parameters=[], CommandType='"Text"', CommandTimeout='30']
CREATE INDEX "IX_AspNetUserLogins_UserId" ON public."AspNetUserLogins" ("UserId");
2025-10-18 00:54:33.662 +08:00 [INF] Executed DbCommand (6ms) [Parameters=[], CommandType='"Text"', CommandTimeout='30']
CREATE INDEX "IX_AspNetUserLogins_UserId" ON public."AspNetUserLogins" ("UserId");
2025-10-18 00:54:33.668 +08:00 [DBG] Creating DbCommand for 'ExecuteNonQuery'.
2025-10-18 00:54:33.672 +08:00 [DBG] Created DbCommand for 'ExecuteNonQuery' (3ms).
2025-10-18 00:54:33.675 +08:00 [DBG] Initialized DbCommand for 'ExecuteNonQuery' (7ms).
2025-10-18 00:54:33.680 +08:00 [DBG] Executing DbCommand [Parameters=[], CommandType='"Text"', CommandTimeout='30']
CREATE INDEX "IX_AspNetUserRoles_RoleId" ON public."AspNetUserRoles" ("RoleId");
2025-10-18 00:54:33.688 +08:00 [INF] Executed DbCommand (8ms) [Parameters=[], CommandType='"Text"', CommandTimeout='30']
CREATE INDEX "IX_AspNetUserRoles_RoleId" ON public."AspNetUserRoles" ("RoleId");
2025-10-18 00:54:33.695 +08:00 [DBG] Creating DbCommand for 'ExecuteNonQuery'.
2025-10-18 00:54:33.699 +08:00 [DBG] Created DbCommand for 'ExecuteNonQuery' (4ms).
2025-10-18 00:54:33.703 +08:00 [DBG] Initialized DbCommand for 'ExecuteNonQuery' (8ms).
2025-10-18 00:54:33.709 +08:00 [DBG] Executing DbCommand [Parameters=[], CommandType='"Text"', CommandTimeout='30']
CREATE INDEX "EmailIndex" ON public."AspNetUsers" ("NormalizedEmail");
2025-10-18 00:54:33.716 +08:00 [INF] Executed DbCommand (8ms) [Parameters=[], CommandType='"Text"', CommandTimeout='30']
CREATE INDEX "EmailIndex" ON public."AspNetUsers" ("NormalizedEmail");
2025-10-18 00:54:33.722 +08:00 [DBG] Creating DbCommand for 'ExecuteNonQuery'.
2025-10-18 00:54:33.731 +08:00 [DBG] Created DbCommand for 'ExecuteNonQuery' (8ms).
2025-10-18 00:54:33.738 +08:00 [DBG] Initialized DbCommand for 'ExecuteNonQuery' (15ms).
2025-10-18 00:54:33.743 +08:00 [DBG] Executing DbCommand [Parameters=[], CommandType='"Text"', CommandTimeout='30']
CREATE UNIQUE INDEX "UserNameIndex" ON public."AspNetUsers" ("NormalizedUserName");
2025-10-18 00:54:33.752 +08:00 [INF] Executed DbCommand (9ms) [Parameters=[], CommandType='"Text"', CommandTimeout='30']
CREATE UNIQUE INDEX "UserNameIndex" ON public."AspNetUsers" ("NormalizedUserName");
2025-10-18 00:54:33.759 +08:00 [DBG] Creating DbCommand for 'ExecuteNonQuery'.
2025-10-18 00:54:33.763 +08:00 [DBG] Created DbCommand for 'ExecuteNonQuery' (3ms).
2025-10-18 00:54:33.768 +08:00 [DBG] Initialized DbCommand for 'ExecuteNonQuery' (9ms).
2025-10-18 00:54:33.773 +08:00 [DBG] Executing DbCommand [Parameters=[], CommandType='"Text"', CommandTimeout='30']
CREATE INDEX "IX_AttemptSteps_AttemptId" ON public."AttemptSteps" ("AttemptId");
2025-10-18 00:54:33.780 +08:00 [INF] Executed DbCommand (7ms) [Parameters=[], CommandType='"Text"', CommandTimeout='30']
CREATE INDEX "IX_AttemptSteps_AttemptId" ON public."AttemptSteps" ("AttemptId");
2025-10-18 00:54:33.788 +08:00 [DBG] Creating DbCommand for 'ExecuteNonQuery'.
2025-10-18 00:54:33.792 +08:00 [DBG] Created DbCommand for 'ExecuteNonQuery' (3ms).
2025-10-18 00:54:33.797 +08:00 [DBG] Initialized DbCommand for 'ExecuteNonQuery' (8ms).
2025-10-18 00:54:33.804 +08:00 [DBG] Executing DbCommand [Parameters=[], CommandType='"Text"', CommandTimeout='30']
CREATE INDEX "IX_AttemptSteps_AttemptId1" ON public."AttemptSteps" ("AttemptId1");
2025-10-18 00:54:33.812 +08:00 [INF] Executed DbCommand (8ms) [Parameters=[], CommandType='"Text"', CommandTimeout='30']
CREATE INDEX "IX_AttemptSteps_AttemptId1" ON public."AttemptSteps" ("AttemptId1");
2025-10-18 00:54:33.820 +08:00 [DBG] Creating DbCommand for 'ExecuteNonQuery'.
2025-10-18 00:54:33.823 +08:00 [DBG] Created DbCommand for 'ExecuteNonQuery' (3ms).
2025-10-18 00:54:33.828 +08:00 [DBG] Initialized DbCommand for 'ExecuteNonQuery' (7ms).
2025-10-18 00:54:33.833 +08:00 [DBG] Executing DbCommand [Parameters=[], CommandType='"Text"', CommandTimeout='30']
CREATE UNIQUE INDEX "IX_BotUpdateLogs_UpdateId" ON public."BotUpdateLogs" ("UpdateId");
2025-10-18 00:54:33.839 +08:00 [INF] Executed DbCommand (6ms) [Parameters=[], CommandType='"Text"', CommandTimeout='30']
CREATE UNIQUE INDEX "IX_BotUpdateLogs_UpdateId" ON public."BotUpdateLogs" ("UpdateId");
2025-10-18 00:54:33.845 +08:00 [DBG] Creating DbCommand for 'ExecuteNonQuery'.
2025-10-18 00:54:33.849 +08:00 [DBG] Created DbCommand for 'ExecuteNonQuery' (3ms).
2025-10-18 00:54:33.854 +08:00 [DBG] Initialized DbCommand for 'ExecuteNonQuery' (8ms).
2025-10-18 00:54:33.857 +08:00 [DBG] Executing DbCommand [Parameters=[], CommandType='"Text"', CommandTimeout='30']
CREATE UNIQUE INDEX "IX_Scenarios_Slug" ON public."Scenarios" ("Slug");
2025-10-18 00:54:33.864 +08:00 [INF] Executed DbCommand (7ms) [Parameters=[], CommandType='"Text"', CommandTimeout='30']
CREATE UNIQUE INDEX "IX_Scenarios_Slug" ON public."Scenarios" ("Slug");
2025-10-18 00:54:33.872 +08:00 [DBG] Creating DbCommand for 'ExecuteNonQuery'.
2025-10-18 00:54:33.875 +08:00 [DBG] Created DbCommand for 'ExecuteNonQuery' (3ms).
2025-10-18 00:54:33.880 +08:00 [DBG] Initialized DbCommand for 'ExecuteNonQuery' (7ms).
2025-10-18 00:54:33.885 +08:00 [DBG] Executing DbCommand [Parameters=[], CommandType='"Text"', CommandTimeout='30']
CREATE INDEX "IX_ScenarioSteps_ScenarioId" ON public."ScenarioSteps" ("ScenarioId");
2025-10-18 00:54:33.892 +08:00 [INF] Executed DbCommand (8ms) [Parameters=[], CommandType='"Text"', CommandTimeout='30']
CREATE INDEX "IX_ScenarioSteps_ScenarioId" ON public."ScenarioSteps" ("ScenarioId");
2025-10-18 00:54:33.901 +08:00 [DBG] Creating DbCommand for 'ExecuteNonQuery'.
2025-10-18 00:54:33.905 +08:00 [DBG] Created DbCommand for 'ExecuteNonQuery' (4ms).
2025-10-18 00:54:33.910 +08:00 [DBG] Initialized DbCommand for 'ExecuteNonQuery' (8ms).
2025-10-18 00:54:33.914 +08:00 [DBG] Executing DbCommand [Parameters=[], CommandType='"Text"', CommandTimeout='30']
CREATE INDEX "IX_ScenarioSteps_ScenarioId1" ON public."ScenarioSteps" ("ScenarioId1");
2025-10-18 00:54:33.923 +08:00 [INF] Executed DbCommand (8ms) [Parameters=[], CommandType='"Text"', CommandTimeout='30']
CREATE INDEX "IX_ScenarioSteps_ScenarioId1" ON public."ScenarioSteps" ("ScenarioId1");
2025-10-18 00:54:33.932 +08:00 [DBG] Creating DbCommand for 'ExecuteNonQuery'.
2025-10-18 00:54:33.936 +08:00 [DBG] Created DbCommand for 'ExecuteNonQuery' (3ms).
2025-10-18 00:54:33.941 +08:00 [DBG] Initialized DbCommand for 'ExecuteNonQuery' (8ms).
2025-10-18 00:54:33.945 +08:00 [DBG] Executing DbCommand [Parameters=[], CommandType='"Text"', CommandTimeout='30']
CREATE UNIQUE INDEX "IX_TelegramLinks_OneTimeCode" ON public."TelegramLinks" ("OneTimeCode");
2025-10-18 00:54:33.953 +08:00 [INF] Executed DbCommand (8ms) [Parameters=[], CommandType='"Text"', CommandTimeout='30']
CREATE UNIQUE INDEX "IX_TelegramLinks_OneTimeCode" ON public."TelegramLinks" ("OneTimeCode");
2025-10-18 00:54:33.960 +08:00 [DBG] Creating DbCommand for 'ExecuteNonQuery'.
2025-10-18 00:54:33.964 +08:00 [DBG] Created DbCommand for 'ExecuteNonQuery' (3ms).
2025-10-18 00:54:33.968 +08:00 [DBG] Initialized DbCommand for 'ExecuteNonQuery' (8ms).
2025-10-18 00:54:33.973 +08:00 [DBG] Executing DbCommand [Parameters=[], CommandType='"Text"', CommandTimeout='30']
CREATE UNIQUE INDEX "IX_UserAchievements_UserId_AchievementId" ON public."UserAchievements" ("UserId", "AchievementId");
2025-10-18 00:54:33.980 +08:00 [INF] Executed DbCommand (7ms) [Parameters=[], CommandType='"Text"', CommandTimeout='30']
CREATE UNIQUE INDEX "IX_UserAchievements_UserId_AchievementId" ON public."UserAchievements" ("UserId", "AchievementId");
2025-10-18 00:54:33.986 +08:00 [DBG] Creating DbCommand for 'ExecuteNonQuery'.
2025-10-18 00:54:33.989 +08:00 [DBG] Created DbCommand for 'ExecuteNonQuery' (3ms).
2025-10-18 00:54:34.010 +08:00 [DBG] Initialized DbCommand for 'ExecuteNonQuery' (23ms).
2025-10-18 00:54:34.031 +08:00 [DBG] Executing DbCommand [Parameters=[], CommandType='"Text"', CommandTimeout='30']
INSERT INTO "__EFMigrationsHistory" ("MigrationId", "ProductVersion")
VALUES ('20251017164429_InitialCreate', '9.0.10');
2025-10-18 00:54:34.043 +08:00 [INF] Executed DbCommand (12ms) [Parameters=[], CommandType='"Text"', CommandTimeout='30']
INSERT INTO "__EFMigrationsHistory" ("MigrationId", "ProductVersion")
VALUES ('20251017164429_InitialCreate', '9.0.10');
2025-10-18 00:54:34.053 +08:00 [DBG] Committing transaction.
2025-10-18 00:54:34.058 +08:00 [DBG] Committed transaction.
2025-10-18 00:54:34.062 +08:00 [DBG] Disposing transaction.
2025-10-18 00:54:34.065 +08:00 [DBG] Closing connection to database 'edu' on server 'tcp://localhost:5432'.
2025-10-18 00:54:34.071 +08:00 [DBG] Closed connection to database 'edu' on server 'tcp://localhost:5432' (5ms).
2025-10-18 00:54:34.082 +08:00 [DBG] 'AppDbContext' disposed.
2025-10-18 00:54:34.087 +08:00 [DBG] Disposing connection to database 'edu' on server 'tcp://localhost:5432'.
2025-10-18 00:54:34.091 +08:00 [DBG] Disposed connection to database 'edu' on server 'tcp://localhost:5432' (4ms).
