2025-10-18 00:54:30.068 +08:00 [DBG] An 'IServiceProvider' was created for internal use by Entity Framework.
2025-10-18 00:54:30.696 +08:00 [DBG] The index {'UserId'} was not created on entity type 'IdentityUserRole<string>' as the properties are already covered by the index {'UserId', 'RoleId'}.
2025-10-18 00:54:30.706 +08:00 [DBG] The index {'UserId'} was not created on entity type 'IdentityUserToken<string>' as the properties are already covered by the index {'UserId', 'LoginProvider', 'Name'}.
2025-10-18 00:54:30.922 +08:00 [WRN] The foreign key property 'AttemptStep.AttemptId1' was created in shadow state because a conflicting property with the simple name 'AttemptId' exists in the entity type, but is either not mapped, is already used for another relationship, or is incompatible with the associated primary key type. See https://aka.ms/efcore-relationships for information on mapping relationships in EF Core.
2025-10-18 00:54:30.937 +08:00 [WRN] The foreign key property 'ScenarioStep.ScenarioId1' was created in shadow state because a conflicting property with the simple name 'ScenarioId' exists in the entity type, but is either not mapped, is already used for another relationship, or is incompatible with the associated primary key type. See https://aka.ms/efcore-relationships for information on mapping relationships in EF Core.
2025-10-18 00:54:31.095 +08:00 [DBG] Entity Framework Core 9.0.10 initialized 'AppDbContext' using provider 'Npgsql.EntityFrameworkCore.PostgreSQL:9.0.4+fd2380957bee5cd86f336466af36b08c0163f1a5' with options: None
2025-10-18 00:54:31.125 +08:00 [DBG] Creating DbConnection.
2025-10-18 00:54:31.184 +08:00 [DBG] Created DbConnection. (54ms).
2025-10-18 00:54:31.197 +08:00 [DBG] Opening connection to database 'edu' on server 'tcp://localhost:5432'.
2025-10-18 00:54:31.381 +08:00 [ERR] An error occurred using the connection to database 'edu' on server 'tcp://localhost:5432'.
2025-10-18 00:54:31.504 +08:00 [DBG] Migrating using database 'edu' on server 'tcp://localhost:5432'.
2025-10-18 00:54:31.512 +08:00 [DBG] Opening connection to database 'edu' on server 'tcp://localhost:5432'.
2025-10-18 00:54:31.520 +08:00 [DBG] Opening connection to database 'edu' on server 'tcp://localhost:5432'.
2025-10-18 00:54:31.576 +08:00 [DBG] An error occurred using the connection to database 'edu' on server 'tcp://localhost:5432'.
2025-10-18 00:54:31.592 +08:00 [DBG] Creating DbConnection.
2025-10-18 00:54:31.597 +08:00 [DBG] Created DbConnection. (4ms).
2025-10-18 00:54:31.602 +08:00 [DBG] Opening connection to database 'postgres' on server 'tcp://localhost:5432'.
2025-10-18 00:54:31.812 +08:00 [DBG] Opened connection to database 'postgres' on server 'tcp://localhost:5432'.
2025-10-18 00:54:31.821 +08:00 [DBG] Creating DbCommand for 'ExecuteNonQuery'.
2025-10-18 00:54:31.830 +08:00 [DBG] Created DbCommand for 'ExecuteNonQuery' (8ms).
2025-10-18 00:54:31.836 +08:00 [DBG] Initialized DbCommand for 'ExecuteNonQuery' (16ms).
2025-10-18 00:54:31.845 +08:00 [DBG] Executing DbCommand [Parameters=[], CommandType='"Text"', CommandTimeout='30']
CREATE DATABASE edu;
2025-10-18 00:54:32.346 +08:00 [INF] Executed DbCommand (495ms) [Parameters=[], CommandType='"Text"', CommandTimeout='30']
CREATE DATABASE edu;
2025-10-18 00:54:32.372 +08:00 [DBG] Closing connection to database 'postgres' on server 'tcp://localhost:5432'.
2025-10-18 00:54:32.396 +08:00 [DBG] Closed connection to database 'postgres' on server 'tcp://localhost:5432' (22ms).
2025-10-18 00:54:32.407 +08:00 [DBG] Disposing connection to database 'postgres' on server 'tcp://localhost:5432'.
2025-10-18 00:54:32.415 +08:00 [DBG] Disposed connection to database 'postgres' on server 'tcp://localhost:5432' (5ms).
2025-10-18 00:54:32.424 +08:00 [DBG] Opening connection to database 'edu' on server 'tcp://localhost:5432'.
2025-10-18 00:54:32.432 +08:00 [DBG] Opening connection to database 'edu' on server 'tcp://localhost:5432'.
2025-10-18 00:54:32.559 +08:00 [DBG] Opened connection to database 'edu' on server 'tcp://localhost:5432'.
2025-10-18 00:54:32.563 +08:00 [DBG] Closing connection to database 'edu' on server 'tcp://localhost:5432'.
2025-10-18 00:54:32.569 +08:00 [DBG] Closed connection to database 'edu' on server 'tcp://localhost:5432' (5ms).
2025-10-18 00:54:32.576 +08:00 [DBG] Opening connection to database 'edu' on server 'tcp://localhost:5432'.
2025-10-18 00:54:32.647 +08:00 [DBG] Opened connection to database 'edu' on server 'tcp://localhost:5432'.
2025-10-18 00:54:32.698 +08:00 [DBG] Creating DbCommand for 'ExecuteNonQuery'.
2025-10-18 00:54:32.703 +08:00 [DBG] Created DbCommand for 'ExecuteNonQuery' (4ms).
2025-10-18 00:54:32.707 +08:00 [DBG] Initialized DbCommand for 'ExecuteNonQuery' (9ms).
2025-10-18 00:54:32.712 +08:00 [DBG] Executing DbCommand [Parameters=[], CommandType='"Text"', CommandTimeout='30']
CREATE TABLE IF NOT EXISTS "__EFMigrationsHistory" (
    "MigrationId" character varying(150) NOT NULL,
    "ProductVersion" character varying(32) NOT NULL,
    CONSTRAINT "PK___EFMigrationsHistory" PRIMARY KEY ("MigrationId")
);
2025-10-18 00:54:32.735 +08:00 [INF] Executed DbCommand (23ms) [Parameters=[], CommandType='"Text"', CommandTimeout='30']
CREATE TABLE IF NOT EXISTS "__EFMigrationsHistory" (
    "MigrationId" character varying(150) NOT NULL,
    "ProductVersion" character varying(32) NOT NULL,
    CONSTRAINT "PK___EFMigrationsHistory" PRIMARY KEY ("MigrationId")
);
2025-10-18 00:54:32.762 +08:00 [DBG] Beginning transaction with isolation level 'Unspecified'.
2025-10-18 00:54:32.784 +08:00 [DBG] Began transaction with isolation level 'ReadCommitted'.
2025-10-18 00:54:32.796 +08:00 [INF] Acquiring an exclusive lock for migration application. See https://aka.ms/efcore-docs-migrations-lock for more information if this takes too long.
2025-10-18 00:54:32.800 +08:00 [DBG] Creating DbCommand for 'ExecuteNonQuery'.
2025-10-18 00:54:32.804 +08:00 [DBG] Created DbCommand for 'ExecuteNonQuery' (4ms).
2025-10-18 00:54:32.809 +08:00 [DBG] Initialized DbCommand for 'ExecuteNonQuery' (9ms).
2025-10-18 00:54:32.814 +08:00 [DBG] Executing DbCommand [Parameters=[], CommandType='"Text"', CommandTimeout='30']
LOCK TABLE "__EFMigrationsHistory" IN ACCESS EXCLUSIVE MODE
2025-10-18 00:54:32.821 +08:00 [INF] Executed DbCommand (7ms) [Parameters=[], CommandType='"Text"', CommandTimeout='30']
LOCK TABLE "__EFMigrationsHistory" IN ACCESS EXCLUSIVE MODE
2025-10-18 00:54:32.827 +08:00 [DBG] Creating DbCommand for 'ExecuteReader'.
2025-10-18 00:54:32.831 +08:00 [DBG] Created DbCommand for 'ExecuteReader' (3ms).
2025-10-18 00:54:32.836 +08:00 [DBG] Initialized DbCommand for 'ExecuteReader' (8ms).
2025-10-18 00:54:32.841 +08:00 [DBG] Executing DbCommand [Parameters=[], CommandType='"Text"', CommandTimeout='30']
SELECT "MigrationId", "ProductVersion"
FROM "__EFMigrationsHistory"
ORDER BY "MigrationId";
2025-10-18 00:54:32.849 +08:00 [INF] Executed DbCommand (9ms) [Parameters=[], CommandType='"Text"', CommandTimeout='30']
SELECT "MigrationId", "ProductVersion"
FROM "__EFMigrationsHistory"
ORDER BY "MigrationId";
2025-10-18 00:54:32.858 +08:00 [DBG] Closing data reader to 'edu' on server 'tcp://localhost:5432'.
2025-10-18 00:54:32.864 +08:00 [DBG] A data reader for 'edu' on server 'tcp://localhost:5432' is being disposed after spending 6ms reading results.
2025-10-18 00:54:32.874 +08:00 [INF] Applying migration '20251017164429_InitialCreate'.
2025-10-18 00:54:32.914 +08:00 [DBG] Creating DbCommand for 'ExecuteNonQuery'.
2025-10-18 00:54:32.918 +08:00 [DBG] Created DbCommand for 'ExecuteNonQuery' (4ms).
2025-10-18 00:54:32.922 +08:00 [DBG] Initialized DbCommand for 'ExecuteNonQuery' (7ms).
2025-10-18 00:54:32.926 +08:00 [DBG] Executing DbCommand [Parameters=[], CommandType='"Text"', CommandTimeout='30']
CREATE TABLE public."Achievements" (
    "Id" uuid NOT NULL,
    "Code" text NOT NULL,
    "Title" text NOT NULL,
    "Description" text NOT NULL,
    "IconUrl" text,
    "RuleJson" character varying(2000) NOT NULL,
    CONSTRAINT "PK_Achievements" PRIMARY KEY ("Id")
);
2025-10-18 00:54:32.936 +08:00 [INF] Executed DbCommand (10ms) [Parameters=[], CommandType='"Text"', CommandTimeout='30']
CREATE TABLE public."Achievements" (
    "Id" uuid NOT NULL,
    "Code" text NOT NULL,
    "Title" text NOT NULL,
    "Description" text NOT NULL,
    "IconUrl" text,
    "RuleJson" character varying(2000) NOT NULL,
    CONSTRAINT "PK_Achievements" PRIMARY KEY ("Id")
);
2025-10-18 00:54:32.942 +08:00 [DBG] Creating DbCommand for 'ExecuteNonQuery'.
2025-10-18 00:54:32.947 +08:00 [DBG] Created DbCommand for 'ExecuteNonQuery' (4ms).
2025-10-18 00:54:32.952 +08:00 [DBG] Initialized DbCommand for 'ExecuteNonQuery' (9ms).
2025-10-18 00:54:32.956 +08:00 [DBG] Executing DbCommand [Parameters=[], CommandType='"Text"', CommandTimeout='30']
CREATE TABLE public."AspNetRoles" (
    "Id" text NOT NULL,
    "Name" character varying(256),
    "NormalizedName" character varying(256),
    "ConcurrencyStamp" text,
    CONSTRAINT "PK_AspNetRoles" PRIMARY KEY ("Id")
);
2025-10-18 00:54:32.969 +08:00 [INF] Executed DbCommand (13ms) [Parameters=[], CommandType='"Text"', CommandTimeout='30']
CREATE TABLE public."AspNetRoles" (
    "Id" text NOT NULL,
    "Name" character varying(256),
    "NormalizedName" character varying(256),
    "ConcurrencyStamp" text,
    CONSTRAINT "PK_AspNetRoles" PRIMARY KEY ("Id")
);
2025-10-18 00:54:32.981 +08:00 [DBG] Creating DbCommand for 'ExecuteNonQuery'.
2025-10-18 00:54:32.990 +08:00 [DBG] Created DbCommand for 'ExecuteNonQuery' (8ms).
2025-10-18 00:54:32.996 +08:00 [DBG] Initialized DbCommand for 'ExecuteNonQuery' (15ms).
2025-10-18 00:54:33.011 +08:00 [DBG] Executing DbCommand [Parameters=[], CommandType='"Text"', CommandTimeout='30']
CREATE TABLE public."AspNetUsers" (
    "Id" text NOT NULL,
    "DisplayName" text,
    "TelegramId" text,
    "TelegramUsername" text,
    "CreatedAt" timestamp with time zone NOT NULL,
    "UserName" character varying(256),
    "NormalizedUserName" character varying(256),
    "Email" character varying(256),
    "NormalizedEmail" character varying(256),
    "EmailConfirmed" boolean NOT NULL,
    "PasswordHash" text,
    "SecurityStamp" text,
    "ConcurrencyStamp" text,
    "PhoneNumber" text,
    "PhoneNumberConfirmed" boolean NOT NULL,
    "TwoFactorEnabled" boolean NOT NULL,
    "LockoutEnd" timestamp with time zone,
    "LockoutEnabled" boolean NOT NULL,
    "AccessFailedCount" integer NOT NULL,
    CONSTRAINT "PK_AspNetUsers" PRIMARY KEY ("Id")
);
2025-10-18 00:54:33.036 +08:00 [INF] Executed DbCommand (24ms) [Parameters=[], CommandType='"Text"', CommandTimeout='30']
CREATE TABLE public."AspNetUsers" (
    "Id" text NOT NULL,
    "DisplayName" text,
    "TelegramId" text,
    "TelegramUsername" text,
    "CreatedAt" timestamp with time zone NOT NULL,
    "UserName" character varying(256),
    "NormalizedUserName" character varying(256),
    "Email" character varying(256),
    "NormalizedEmail" character varying(256),
    "EmailConfirmed" boolean NOT NULL,
    "PasswordHash" text,
    "SecurityStamp" text,
    "ConcurrencyStamp" text,
    "PhoneNumber" text,
    "PhoneNumberConfirmed" boolean NOT NULL,
    "TwoFactorEnabled" boolean NOT NULL,
    "LockoutEnd" timestamp with time zone,
    "LockoutEnabled" boolean NOT NULL,
    "AccessFailedCount" integer NOT NULL,
    CONSTRAINT "PK_AspNetUsers" PRIMARY KEY ("Id")
);
2025-10-18 00:54:33.047 +08:00 [DBG] Creating DbCommand for 'ExecuteNonQuery'.
2025-10-18 00:54:33.053 +08:00 [DBG] Created DbCommand for 'ExecuteNonQuery' (6ms).
2025-10-18 00:54:33.057 +08:00 [DBG] Initialized DbCommand for 'ExecuteNonQuery' (10ms).
2025-10-18 00:54:33.062 +08:00 [DBG] Executing DbCommand [Parameters=[], CommandType='"Text"', CommandTimeout='30']
CREATE TABLE public."Attempts" (
    "Id" uuid NOT NULL,
    "ScenarioId" uuid NOT NULL,
    "UserId" text NOT NULL,
    "StartedAt" timestamp with time zone NOT NULL,
    "FinishedAt" timestamp with time zone,
    "Score" integer NOT NULL,
    "Status" integer NOT NULL,
    CONSTRAINT "PK_Attempts" PRIMARY KEY ("Id")
);
2025-10-18 00:54:33.073 +08:00 [INF] Executed DbCommand (11ms) [Parameters=[], CommandType='"Text"', CommandTimeout='30']
CREATE TABLE public."Attempts" (
    "Id" uuid NOT NULL,
    "ScenarioId" uuid NOT NULL,
    "UserId" text NOT NULL,
    "StartedAt" timestamp with time zone NOT NULL,
    "FinishedAt" timestamp with time zone,
    "Score" integer NOT NULL,
    "Status" integer NOT NULL,
    CONSTRAINT "PK_Attempts" PRIMARY KEY ("Id")
);
2025-10-18 00:54:33.080 +08:00 [DBG] Creating DbCommand for 'ExecuteNonQuery'.
2025-10-18 00:54:33.085 +08:00 [DBG] Created DbCommand for 'ExecuteNonQuery' (5ms).
2025-10-18 00:54:33.091 +08:00 [DBG] Initialized DbCommand for 'ExecuteNonQuery' (11ms).
2025-10-18 00:54:33.095 +08:00 [DBG] Executing DbCommand [Parameters=[], CommandType='"Text"', CommandTimeout='30']
CREATE TABLE public."BotUpdateLogs" (
    "Id" uuid NOT NULL,
    "UpdateId" bigint NOT NULL,
    "ReceivedAt" timestamp with time zone NOT NULL,
    "Type" text NOT NULL,
    "PayloadJson" character varying(4000) NOT NULL,
    "ProcessedAt" timestamp with time zone,
    CONSTRAINT "PK_BotUpdateLogs" PRIMARY KEY ("Id")
);
2025-10-18 00:54:33.108 +08:00 [INF] Executed DbCommand (13ms) [Parameters=[], CommandType='"Text"', CommandTimeout='30']
CREATE TABLE public."BotUpdateLogs" (
    "Id" uuid NOT NULL,
    "UpdateId" bigint NOT NULL,
    "ReceivedAt" timestamp with time zone NOT NULL,
    "Type" text NOT NULL,
    "PayloadJson" character varying(4000) NOT NULL,
    "ProcessedAt" timestamp with time zone,
    CONSTRAINT "PK_BotUpdateLogs" PRIMARY KEY ("Id")
);
2025-10-18 00:54:33.117 +08:00 [DBG] Creating DbCommand for 'ExecuteNonQuery'.
2025-10-18 00:54:33.124 +08:00 [DBG] Created DbCommand for 'ExecuteNonQuery' (6ms).
2025-10-18 00:54:33.130 +08:00 [DBG] Initialized DbCommand for 'ExecuteNonQuery' (13ms).
2025-10-18 00:54:33.137 +08:00 [DBG] Executing DbCommand [Parameters=[], CommandType='"Text"', CommandTimeout='30']
CREATE TABLE public."Scenarios" (
    "Id" uuid NOT NULL,
    "Title" character varying(200) NOT NULL,
    "Slug" character varying(200) NOT NULL,
    "Description" character varying(4000) NOT NULL,
    "Tags" character varying(200) NOT NULL,
    "Difficulty" integer NOT NULL,
    "IsPublished" boolean NOT NULL,
    "AuthorId" text NOT NULL,
    "CreatedAt" timestamp with time zone NOT NULL,
    "UpdatedAt" timestamp with time zone NOT NULL,
    CONSTRAINT "PK_Scenarios" PRIMARY KEY ("Id")
);
2025-10-18 00:54:33.149 +08:00 [INF] Executed DbCommand (12ms) [Parameters=[], CommandType='"Text"', CommandTimeout='30']
CREATE TABLE public."Scenarios" (
    "Id" uuid NOT NULL,
    "Title" character varying(200) NOT NULL,
    "Slug" character varying(200) NOT NULL,
    "Description" character varying(4000) NOT NULL,
    "Tags" character varying(200) NOT NULL,
    "Difficulty" integer NOT NULL,
    "IsPublished" boolean NOT NULL,
    "AuthorId" text NOT NULL,
    "CreatedAt" timestamp with time zone NOT NULL,
    "UpdatedAt" timestamp with time zone NOT NULL,
    CONSTRAINT "PK_Scenarios" PRIMARY KEY ("Id")
);
2025-10-18 00:54:33.159 +08:00 [DBG] Creating DbCommand for 'ExecuteNonQuery'.
2025-10-18 00:54:33.163 +08:00 [DBG] Created DbCommand for 'ExecuteNonQuery' (4ms).
2025-10-18 00:54:33.168 +08:00 [DBG] Initialized DbCommand for 'ExecuteNonQuery' (9ms).
2025-10-18 00:54:33.173 +08:00 [DBG] Executing DbCommand [Parameters=[], CommandType='"Text"', CommandTimeout='30']
CREATE TABLE public."TelegramLinks" (
    "Id" uuid NOT NULL,
    "UserId" text NOT NULL,
    "OneTimeCode" text NOT NULL,
    "ExpiresAt" timestamp with time zone NOT NULL,
    "ConsumedAt" timestamp with time zone,
    CONSTRAINT "PK_TelegramLinks" PRIMARY KEY ("Id")
);
2025-10-18 00:54:33.190 +08:00 [INF] Executed DbCommand (17ms) [Parameters=[], CommandType='"Text"', CommandTimeout='30']
CREATE TABLE public."TelegramLinks" (
    "Id" uuid NOT NULL,
    "UserId" text NOT NULL,
    "OneTimeCode" text NOT NULL,
    "ExpiresAt" timestamp with time zone NOT NULL,
    "ConsumedAt" timestamp with time zone,
    CONSTRAINT "PK_TelegramLinks" PRIMARY KEY ("Id")
);
2025-10-18 00:54:33.203 +08:00 [DBG] Creating DbCommand for 'ExecuteNonQuery'.
2025-10-18 00:54:33.207 +08:00 [DBG] Created DbCommand for 'ExecuteNonQuery' (4ms).
2025-10-18 00:54:33.213 +08:00 [DBG] Initialized DbCommand for 'ExecuteNonQuery' (10ms).
2025-10-18 00:54:33.219 +08:00 [DBG] Executing DbCommand [Parameters=[], CommandType='"Text"', CommandTimeout='30']
CREATE TABLE public."UserAchievements" (
    "Id" uuid NOT NULL,
    "UserId" text NOT NULL,
    "AchievementId" uuid NOT NULL,
    "AwardedAt" timestamp with time zone NOT NULL,
    CONSTRAINT "PK_UserAchievements" PRIMARY KEY ("Id")
);
2025-10-18 00:54:33.229 +08:00 [INF] Executed DbCommand (10ms) [Parameters=[], CommandType='"Text"', CommandTimeout='30']
CREATE TABLE public."UserAchievements" (
    "Id" uuid NOT NULL,
    "UserId" text NOT NULL,
    "AchievementId" uuid NOT NULL,
    "AwardedAt" timestamp with time zone NOT NULL,
    CONSTRAINT "PK_UserAchievements" PRIMARY KEY ("Id")
);
2025-10-18 00:54:33.240 +08:00 [DBG] Creating DbCommand for 'ExecuteNonQuery'.
2025-10-18 00:54:33.248 +08:00 [DBG] Created DbCommand for 'ExecuteNonQuery' (7ms).
2025-10-18 00:54:33.254 +08:00 [DBG] Initialized DbCommand for 'ExecuteNonQuery' (14ms).
2025-10-18 00:54:33.258 +08:00 [DBG] Executing DbCommand [Parameters=[], CommandType='"Text"', CommandTimeout='30']
CREATE TABLE public."AspNetRoleClaims" (
    "Id" integer GENERATED BY DEFAULT AS IDENTITY,
    "RoleId" text NOT NULL,
    "ClaimType" text,
    "ClaimValue" text,
    CONSTRAINT "PK_AspNetRoleClaims" PRIMARY KEY ("Id"),
    CONSTRAINT "FK_AspNetRoleClaims_AspNetRoles_RoleId" FOREIGN KEY ("RoleId") REFERENCES public."AspNetRoles" ("Id") ON DELETE CASCADE
);
2025-10-18 00:54:33.276 +08:00 [INF] Executed DbCommand (18ms) [Parameters=[], CommandType='"Text"', CommandTimeout='30']
CREATE TABLE public."AspNetRoleClaims" (
    "Id" integer GENERATED BY DEFAULT AS IDENTITY,
    "RoleId" text NOT NULL,
    "ClaimType" text,
    "ClaimValue" text,
    CONSTRAINT "PK_AspNetRoleClaims" PRIMARY KEY ("Id"),
    CONSTRAINT "FK_AspNetRoleClaims_AspNetRoles_RoleId" FOREIGN KEY ("RoleId") REFERENCES public."AspNetRoles" ("Id") ON DELETE CASCADE
);
2025-10-18 00:54:33.287 +08:00 [DBG] Creating DbCommand for 'ExecuteNonQuery'.
2025-10-18 00:54:33.291 +08:00 [DBG] Created DbCommand for 'ExecuteNonQuery' (3ms).
2025-10-18 00:54:33.296 +08:00 [DBG] Initialized DbCommand for 'ExecuteNonQuery' (8ms).
2025-10-18 00:54:33.303 +08:00 [DBG] Executing DbCommand [Parameters=[], CommandType='"Text"', CommandTimeout='30']
CREATE TABLE public."AspNetUserClaims" (
    "Id" integer GENERATED BY DEFAULT AS IDENTITY,
    "UserId" text NOT NULL,
    "ClaimType" text,
    "ClaimValue" text,
    CONSTRAINT "PK_AspNetUserClaims" PRIMARY KEY ("Id"),
    CONSTRAINT "FK_AspNetUserClaims_AspNetUsers_UserId" FOREIGN KEY ("UserId") REFERENCES public."AspNetUsers" ("Id") ON DELETE CASCADE
);
2025-10-18 00:54:33.313 +08:00 [INF] Executed DbCommand (10ms) [Parameters=[], CommandType='"Text"', CommandTimeout='30']
CREATE TABLE public."AspNetUserClaims" (
    "Id" integer GENERATED BY DEFAULT AS IDENTITY,
    "UserId" text NOT NULL,
    "ClaimType" text,
    "ClaimValue" text,
    CONSTRAINT "PK_AspNetUserClaims" PRIMARY KEY ("Id"),
    CONSTRAINT "FK_AspNetUserClaims_AspNetUsers_UserId" FOREIGN KEY ("UserId") REFERENCES public."AspNetUsers" ("Id") ON DELETE CASCADE
);
2025-10-18 00:54:33.321 +08:00 [DBG] Creating DbCommand for 'ExecuteNonQuery'.
2025-10-18 00:54:33.324 +08:00 [DBG] Created DbCommand for 'ExecuteNonQuery' (3ms).
2025-10-18 00:54:33.328 +08:00 [DBG] Initialized DbCommand for 'ExecuteNonQuery' (7ms).
2025-10-18 00:54:33.334 +08:00 [DBG] Executing DbCommand [Parameters=[], CommandType='"Text"', CommandTimeout='30']
CREATE TABLE public."AspNetUserLogins" (
    "LoginProvider" text NOT NULL,
    "ProviderKey" text NOT NULL,
    "ProviderDisplayName" text,
    "UserId" text NOT NULL,
    CONSTRAINT "PK_AspNetUserLogins" PRIMARY KEY ("LoginProvider", "ProviderKey"),
    CONSTRAINT "FK_AspNetUserLogins_AspNetUsers_UserId" FOREIGN KEY ("UserId") REFERENCES public."AspNetUsers" ("Id") ON DELETE CASCADE
);
2025-10-18 00:54:33.343 +08:00 [INF] Executed DbCommand (10ms) [Parameters=[], CommandType='"Text"', CommandTimeout='30']
CREATE TABLE public."AspNetUserLogins" (
    "LoginProvider" text NOT NULL,
    "ProviderKey" text NOT NULL,
    "ProviderDisplayName" text,
    "UserId" text NOT NULL,
    CONSTRAINT "PK_AspNetUserLogins" PRIMARY KEY ("LoginProvider", "ProviderKey"),
    CONSTRAINT "FK_AspNetUserLogins_AspNetUsers_UserId" FOREIGN KEY ("UserId") REFERENCES public."AspNetUsers" ("Id") ON DELETE CASCADE
);
2025-10-18 00:54:33.351 +08:00 [DBG] Creating DbCommand for 'ExecuteNonQuery'.
2025-10-18 00:54:33.355 +08:00 [DBG] Created DbCommand for 'ExecuteNonQuery' (3ms).
2025-10-18 00:54:33.360 +08:00 [DBG] Initialized DbCommand for 'ExecuteNonQuery' (8ms).
2025-10-18 00:54:33.365 +08:00 [DBG] Executing DbCommand [Parameters=[], CommandType='"Text"', CommandTimeout='30']
CREATE TABLE public."AspNetUserRoles" (
    "UserId" text NOT NULL,
    "RoleId" text NOT NULL,
    CONSTRAINT "PK_AspNetUserRoles" PRIMARY KEY ("UserId", "RoleId"),
    CONSTRAINT "FK_AspNetUserRoles_AspNetRoles_RoleId" FOREIGN KEY ("RoleId") REFERENCES public."AspNetRoles" ("Id") ON DELETE CASCADE,
    CONSTRAINT "FK_AspNetUserRoles_AspNetUsers_UserId" FOREIGN KEY ("UserId") REFERENCES public."AspNetUsers" ("Id") ON DELETE CASCADE
);
2025-10-18 00:54:33.374 +08:00 [INF] Executed DbCommand (9ms) [Parameters=[], CommandType='"Text"', CommandTimeout='30']
CREATE TABLE public."AspNetUserRoles" (
    "UserId" text NOT NULL,
    "RoleId" text NOT NULL,
    CONSTRAINT "PK_AspNetUserRoles" PRIMARY KEY ("UserId", "RoleId"),
    CONSTRAINT "FK_AspNetUserRoles_AspNetRoles_RoleId" FOREIGN KEY ("RoleId") REFERENCES public."AspNetRoles" ("Id") ON DELETE CASCADE,
    CONSTRAINT "FK_AspNetUserRoles_AspNetUsers_UserId" FOREIGN KEY ("UserId") REFERENCES public."AspNetUsers" ("Id") ON DELETE CASCADE
);
2025-10-18 00:54:33.382 +08:00 [DBG] Creating DbCommand for 'ExecuteNonQuery'.
2025-10-18 00:54:33.386 +08:00 [DBG] Created DbCommand for 'ExecuteNonQuery' (4ms).
2025-10-18 00:54:33.393 +08:00 [DBG] Initialized DbCommand for 'ExecuteNonQuery' (11ms).
2025-10-18 00:54:33.399 +08:00 [DBG] Executing DbCommand [Parameters=[], CommandType='"Text"', CommandTimeout='30']
CREATE TABLE public."AspNetUserTokens" (
    "UserId" text NOT NULL,
    "LoginProvider" text NOT NULL,
    "Name" text NOT NULL,
    "Value" text,
    CONSTRAINT "PK_AspNetUserTokens" PRIMARY KEY ("UserId", "LoginProvider", "Name"),
    CONSTRAINT "FK_AspNetUserTokens_AspNetUsers_UserId" FOREIGN KEY ("UserId") REFERENCES public."AspNetUsers" ("Id") ON DELETE CASCADE
);
2025-10-18 00:54:33.409 +08:00 [INF] Executed DbCommand (10ms) [Parameters=[], CommandType='"Text"', CommandTimeout='30']
CREATE TABLE public."AspNetUserTokens" (
    "UserId" text NOT NULL,
    "LoginProvider" text NOT NULL,
    "Name" text NOT NULL,
    "Value" text,
    CONSTRAINT "PK_AspNetUserTokens" PRIMARY KEY ("UserId", "LoginProvider", "Name"),
    CONSTRAINT "FK_AspNetUserTokens_AspNetUsers_UserId" FOREIGN KEY ("UserId") REFERENCES public."AspNetUsers" ("Id") ON DELETE CASCADE
);
2025-10-18 00:54:33.418 +08:00 [DBG] Creating DbCommand for 'ExecuteNonQuery'.
2025-10-18 00:54:33.426 +08:00 [DBG] Created DbCommand for 'ExecuteNonQuery' (7ms).
2025-10-18 00:54:33.437 +08:00 [DBG] Initialized DbCommand for 'ExecuteNonQuery' (18ms).
2025-10-18 00:54:33.442 +08:00 [DBG] Executing DbCommand [Parameters=[], CommandType='"Text"', CommandTimeout='30']
CREATE TABLE public."AttemptSteps" (
    "Id" uuid NOT NULL,
    "AttemptId" uuid NOT NULL,
    "StepId" uuid NOT NULL,
    "AnswerJson" character varying(4000) NOT NULL,
    "IsCorrect" boolean,
    "ScoreAwarded" integer NOT NULL,
    "ReviewedBy" text,
    "ReviewedAt" timestamp with time zone,
    "AttemptId1" uuid,
    CONSTRAINT "PK_AttemptSteps" PRIMARY KEY ("Id"),
    CONSTRAINT "FK_AttemptSteps_Attempts_AttemptId" FOREIGN KEY ("AttemptId") REFERENCES public."Attempts" ("Id") ON DELETE CASCADE,
    CONSTRAINT "FK_AttemptSteps_Attempts_AttemptId1" FOREIGN KEY ("AttemptId1") REFERENCES public."Attempts" ("Id")
);
2025-10-18 00:54:33.479 +08:00 [INF] Executed DbCommand (37ms) [Parameters=[], CommandType='"Text"', CommandTimeout='30']
CREATE TABLE public."AttemptSteps" (
    "Id" uuid NOT NULL,
    "AttemptId" uuid NOT NULL,
    "StepId" uuid NOT NULL,
    "AnswerJson" character varying(4000) NOT NULL,
    "IsCorrect" boolean,
    "ScoreAwarded" integer NOT NULL,
    "ReviewedBy" text,
    "ReviewedAt" timestamp with time zone,
    "AttemptId1" uuid,
    CONSTRAINT "PK_AttemptSteps" PRIMARY KEY ("Id"),
    CONSTRAINT "FK_AttemptSteps_Attempts_AttemptId" FOREIGN KEY ("AttemptId") REFERENCES public."Attempts" ("Id") ON DELETE CASCADE,
    CONSTRAINT "FK_AttemptSteps_Attempts_AttemptId1" FOREIGN KEY ("AttemptId1") REFERENCES public."Attempts" ("Id")
);
2025-10-18 00:54:33.492 +08:00 [DBG] Creating DbCommand for 'ExecuteNonQuery'.
2025-10-18 00:54:33.497 +08:00 [DBG] Created DbCommand for 'ExecuteNonQuery' (4ms).
2025-10-18 00:54:33.503 +08:00 [DBG] Initialized DbCommand for 'ExecuteNonQuery' (10ms).
2025-10-18 00:54:33.507 +08:00 [DBG] Executing DbCommand [Parameters=[], CommandType='"Text"', CommandTimeout='30']
CREATE TABLE public."ScenarioSteps" (
    "Id" uuid NOT NULL,
    "ScenarioId" uuid NOT NULL,
    "Order" integer NOT NULL,
    "StepType" integer NOT NULL,
    "Title" text,
    "Content" character varying(4000) NOT NULL,
    "MaxScore" integer NOT NULL,
    "ScenarioId1" uuid,
    CONSTRAINT "PK_ScenarioSteps" PRIMARY KEY ("Id"),
    CONSTRAINT "FK_ScenarioSteps_Scenarios_ScenarioId" FOREIGN KEY ("ScenarioId") REFERENCES public."Scenarios" ("Id") ON DELETE CASCADE,
    CONSTRAINT "FK_ScenarioSteps_Scenarios_ScenarioId1" FOREIGN KEY ("ScenarioId1") REFERENCES public."Scenarios" ("Id")
);
2025-10-18 00:54:33.520 +08:00 [INF] Executed DbCommand (13ms) [Parameters=[], CommandType='"Text"', CommandTimeout='30']
CREATE TABLE public."ScenarioSteps" (
    "Id" uuid NOT NULL,
    "ScenarioId" uuid NOT NULL,
    "Order" integer NOT NULL,
    "StepType" integer NOT NULL,
    "Title" text,
    "Content" character varying(4000) NOT NULL,
    "MaxScore" integer NOT NULL,
    "ScenarioId1" uuid,
    CONSTRAINT "PK_ScenarioSteps" PRIMARY KEY ("Id"),
    CONSTRAINT "FK_ScenarioSteps_Scenarios_ScenarioId" FOREIGN KEY ("ScenarioId") REFERENCES public."Scenarios" ("Id") ON DELETE CASCADE,
    CONSTRAINT "FK_ScenarioSteps_Scenarios_ScenarioId1" FOREIGN KEY ("ScenarioId1") REFERENCES public."Scenarios" ("Id")
);
2025-10-18 00:54:33.528 +08:00 [DBG] Creating DbCommand for 'ExecuteNonQuery'.
2025-10-18 00:54:33.535 +08:00 [DBG] Created DbCommand for 'ExecuteNonQuery' (6ms).
2025-10-18 00:54:33.542 +08:00 [DBG] Initialized DbCommand for 'ExecuteNonQuery' (13ms).
2025-10-18 00:54:33.547 +08:00 [DBG] Executing DbCommand [Parameters=[], CommandType='"Text"', CommandTimeout='30']
CREATE UNIQUE INDEX "IX_Achievements_Code" ON public."Achievements" ("Code");
2025-10-18 00:54:33.555 +08:00 [INF] Executed DbCommand (8ms) [Parameters=[], CommandType='"Text"', CommandTimeout='30']
CREATE UNIQUE INDEX "IX_Achievements_Code" ON public."Achievements" ("Code");
2025-10-18 00:54:33.563 +08:00 [DBG] Creating DbCommand for 'ExecuteNonQuery'.
2025-10-18 00:54:33.566 +08:00 [DBG] Created DbCommand for 'ExecuteNonQuery' (3ms).
2025-10-18 00:54:33.571 +08:00 [DBG] Initialized DbCommand for 'ExecuteNonQuery' (8ms).
2025-10-18 00:54:33.576 +08:00 [DBG] Executing DbCommand [Parameters=[], CommandType='"Text"', CommandTimeout='30']
CREATE INDEX "IX_AspNetRoleClaims_RoleId" ON public."AspNetRoleClaims" ("RoleId");
2025-10-18 00:54:33.584 +08:00 [INF] Executed DbCommand (8ms) [Parameters=[], CommandType='"Text"', CommandTimeout='30']
CREATE INDEX "IX_AspNetRoleClaims_RoleId" ON public."AspNetRoleClaims" ("RoleId");
2025-10-18 00:54:33.593 +08:00 [DBG] Creating DbCommand for 'ExecuteNonQuery'.
2025-10-18 00:54:33.596 +08:00 [DBG] Created DbCommand for 'ExecuteNonQuery' (3ms).
2025-10-18 00:54:33.601 +08:00 [DBG] Initialized DbCommand for 'ExecuteNonQuery' (8ms).
2025-10-18 00:54:33.605 +08:00 [DBG] Executing DbCommand [Parameters=[], CommandType='"Text"', CommandTimeout='30']
CREATE UNIQUE INDEX "RoleNameIndex" ON public."AspNetRoles" ("NormalizedName");
2025-10-18 00:54:33.611 +08:00 [INF] Executed DbCommand (6ms) [Parameters=[], CommandType='"Text"', CommandTimeout='30']
CREATE UNIQUE INDEX "RoleNameIndex" ON public."AspNetRoles" ("NormalizedName");
2025-10-18 00:54:33.618 +08:00 [DBG] Creating DbCommand for 'ExecuteNonQuery'.
2025-10-18 00:54:33.621 +08:00 [DBG] Created DbCommand for 'ExecuteNonQuery' (3ms).
2025-10-18 00:54:33.625 +08:00 [DBG] Initialized DbCommand for 'ExecuteNonQuery' (7ms).
2025-10-18 00:54:33.630 +08:00 [DBG] Executing DbCommand [Parameters=[], CommandType='"Text"', CommandTimeout='30']
CREATE INDEX "IX_AspNetUserClaims_UserId" ON public."AspNetUserClaims" ("UserId");
2025-10-18 00:54:33.637 +08:00 [INF] Executed DbCommand (7ms) [Parameters=[], CommandType='"Text"', CommandTimeout='30']
CREATE INDEX "IX_AspNetUserClaims_UserId" ON public."AspNetUserClaims" ("UserId");
2025-10-18 00:54:33.643 +08:00 [DBG] Creating DbCommand for 'ExecuteNonQuery'.
2025-10-18 00:54:33.647 +08:00 [DBG] Created DbCommand for 'ExecuteNonQuery' (3ms).
2025-10-18 00:54:33.651 +08:00 [DBG] Initialized DbCommand for 'ExecuteNonQuery' (8ms).
2025-10-18 00:54:33.655 +08:00 [DBG] Executing DbCommand [Parameters=[], CommandType='"Text"', CommandTimeout='30']
CREATE INDEX "IX_AspNetUserLogins_UserId" ON public."AspNetUserLogins" ("UserId");
2025-10-18 00:54:33.662 +08:00 [INF] Executed DbCommand (6ms) [Parameters=[], CommandType='"Text"', CommandTimeout='30']
CREATE INDEX "IX_AspNetUserLogins_UserId" ON public."AspNetUserLogins" ("UserId");
2025-10-18 00:54:33.668 +08:00 [DBG] Creating DbCommand for 'ExecuteNonQuery'.
2025-10-18 00:54:33.672 +08:00 [DBG] Created DbCommand for 'ExecuteNonQuery' (3ms).
2025-10-18 00:54:33.675 +08:00 [DBG] Initialized DbCommand for 'ExecuteNonQuery' (7ms).
2025-10-18 00:54:33.680 +08:00 [DBG] Executing DbCommand [Parameters=[], CommandType='"Text"', CommandTimeout='30']
CREATE INDEX "IX_AspNetUserRoles_RoleId" ON public."AspNetUserRoles" ("RoleId");
2025-10-18 00:54:33.688 +08:00 [INF] Executed DbCommand (8ms) [Parameters=[], CommandType='"Text"', CommandTimeout='30']
CREATE INDEX "IX_AspNetUserRoles_RoleId" ON public."AspNetUserRoles" ("RoleId");
2025-10-18 00:54:33.695 +08:00 [DBG] Creating DbCommand for 'ExecuteNonQuery'.
2025-10-18 00:54:33.699 +08:00 [DBG] Created DbCommand for 'ExecuteNonQuery' (4ms).
2025-10-18 00:54:33.703 +08:00 [DBG] Initialized DbCommand for 'ExecuteNonQuery' (8ms).
2025-10-18 00:54:33.709 +08:00 [DBG] Executing DbCommand [Parameters=[], CommandType='"Text"', CommandTimeout='30']
CREATE INDEX "EmailIndex" ON public."AspNetUsers" ("NormalizedEmail");
2025-10-18 00:54:33.716 +08:00 [INF] Executed DbCommand (8ms) [Parameters=[], CommandType='"Text"', CommandTimeout='30']
CREATE INDEX "EmailIndex" ON public."AspNetUsers" ("NormalizedEmail");
2025-10-18 00:54:33.722 +08:00 [DBG] Creating DbCommand for 'ExecuteNonQuery'.
2025-10-18 00:54:33.731 +08:00 [DBG] Created DbCommand for 'ExecuteNonQuery' (8ms).
2025-10-18 00:54:33.738 +08:00 [DBG] Initialized DbCommand for 'ExecuteNonQuery' (15ms).
2025-10-18 00:54:33.743 +08:00 [DBG] Executing DbCommand [Parameters=[], CommandType='"Text"', CommandTimeout='30']
CREATE UNIQUE INDEX "UserNameIndex" ON public."AspNetUsers" ("NormalizedUserName");
2025-10-18 00:54:33.752 +08:00 [INF] Executed DbCommand (9ms) [Parameters=[], CommandType='"Text"', CommandTimeout='30']
CREATE UNIQUE INDEX "UserNameIndex" ON public."AspNetUsers" ("NormalizedUserName");
2025-10-18 00:54:33.759 +08:00 [DBG] Creating DbCommand for 'ExecuteNonQuery'.
2025-10-18 00:54:33.763 +08:00 [DBG] Created DbCommand for 'ExecuteNonQuery' (3ms).
2025-10-18 00:54:33.768 +08:00 [DBG] Initialized DbCommand for 'ExecuteNonQuery' (9ms).
2025-10-18 00:54:33.773 +08:00 [DBG] Executing DbCommand [Parameters=[], CommandType='"Text"', CommandTimeout='30']
CREATE INDEX "IX_AttemptSteps_AttemptId" ON public."AttemptSteps" ("AttemptId");
2025-10-18 00:54:33.780 +08:00 [INF] Executed DbCommand (7ms) [Parameters=[], CommandType='"Text"', CommandTimeout='30']
CREATE INDEX "IX_AttemptSteps_AttemptId" ON public."AttemptSteps" ("AttemptId");
2025-10-18 00:54:33.788 +08:00 [DBG] Creating DbCommand for 'ExecuteNonQuery'.
2025-10-18 00:54:33.792 +08:00 [DBG] Created DbCommand for 'ExecuteNonQuery' (3ms).
2025-10-18 00:54:33.797 +08:00 [DBG] Initialized DbCommand for 'ExecuteNonQuery' (8ms).
2025-10-18 00:54:33.804 +08:00 [DBG] Executing DbCommand [Parameters=[], CommandType='"Text"', CommandTimeout='30']
CREATE INDEX "IX_AttemptSteps_AttemptId1" ON public."AttemptSteps" ("AttemptId1");
2025-10-18 00:54:33.812 +08:00 [INF] Executed DbCommand (8ms) [Parameters=[], CommandType='"Text"', CommandTimeout='30']
CREATE INDEX "IX_AttemptSteps_AttemptId1" ON public."AttemptSteps" ("AttemptId1");
2025-10-18 00:54:33.820 +08:00 [DBG] Creating DbCommand for 'ExecuteNonQuery'.
2025-10-18 00:54:33.823 +08:00 [DBG] Created DbCommand for 'ExecuteNonQuery' (3ms).
2025-10-18 00:54:33.828 +08:00 [DBG] Initialized DbCommand for 'ExecuteNonQuery' (7ms).
2025-10-18 00:54:33.833 +08:00 [DBG] Executing DbCommand [Parameters=[], CommandType='"Text"', CommandTimeout='30']
CREATE UNIQUE INDEX "IX_BotUpdateLogs_UpdateId" ON public."BotUpdateLogs" ("UpdateId");
2025-10-18 00:54:33.839 +08:00 [INF] Executed DbCommand (6ms) [Parameters=[], CommandType='"Text"', CommandTimeout='30']
CREATE UNIQUE INDEX "IX_BotUpdateLogs_UpdateId" ON public."BotUpdateLogs" ("UpdateId");
2025-10-18 00:54:33.845 +08:00 [DBG] Creating DbCommand for 'ExecuteNonQuery'.
2025-10-18 00:54:33.849 +08:00 [DBG] Created DbCommand for 'ExecuteNonQuery' (3ms).
2025-10-18 00:54:33.854 +08:00 [DBG] Initialized DbCommand for 'ExecuteNonQuery' (8ms).
2025-10-18 00:54:33.857 +08:00 [DBG] Executing DbCommand [Parameters=[], CommandType='"Text"', CommandTimeout='30']
CREATE UNIQUE INDEX "IX_Scenarios_Slug" ON public."Scenarios" ("Slug");
2025-10-18 00:54:33.864 +08:00 [INF] Executed DbCommand (7ms) [Parameters=[], CommandType='"Text"', CommandTimeout='30']
CREATE UNIQUE INDEX "IX_Scenarios_Slug" ON public."Scenarios" ("Slug");
2025-10-18 00:54:33.872 +08:00 [DBG] Creating DbCommand for 'ExecuteNonQuery'.
2025-10-18 00:54:33.875 +08:00 [DBG] Created DbCommand for 'ExecuteNonQuery' (3ms).
2025-10-18 00:54:33.880 +08:00 [DBG] Initialized DbCommand for 'ExecuteNonQuery' (7ms).
2025-10-18 00:54:33.885 +08:00 [DBG] Executing DbCommand [Parameters=[], CommandType='"Text"', CommandTimeout='30']
CREATE INDEX "IX_ScenarioSteps_ScenarioId" ON public."ScenarioSteps" ("ScenarioId");
2025-10-18 00:54:33.892 +08:00 [INF] Executed DbCommand (8ms) [Parameters=[], CommandType='"Text"', CommandTimeout='30']
CREATE INDEX "IX_ScenarioSteps_ScenarioId" ON public."ScenarioSteps" ("ScenarioId");
2025-10-18 00:54:33.901 +08:00 [DBG] Creating DbCommand for 'ExecuteNonQuery'.
2025-10-18 00:54:33.905 +08:00 [DBG] Created DbCommand for 'ExecuteNonQuery' (4ms).
2025-10-18 00:54:33.910 +08:00 [DBG] Initialized DbCommand for 'ExecuteNonQuery' (8ms).
2025-10-18 00:54:33.914 +08:00 [DBG] Executing DbCommand [Parameters=[], CommandType='"Text"', CommandTimeout='30']
CREATE INDEX "IX_ScenarioSteps_ScenarioId1" ON public."ScenarioSteps" ("ScenarioId1");
2025-10-18 00:54:33.923 +08:00 [INF] Executed DbCommand (8ms) [Parameters=[], CommandType='"Text"', CommandTimeout='30']
CREATE INDEX "IX_ScenarioSteps_ScenarioId1" ON public."ScenarioSteps" ("ScenarioId1");
2025-10-18 00:54:33.932 +08:00 [DBG] Creating DbCommand for 'ExecuteNonQuery'.
2025-10-18 00:54:33.936 +08:00 [DBG] Created DbCommand for 'ExecuteNonQuery' (3ms).
2025-10-18 00:54:33.941 +08:00 [DBG] Initialized DbCommand for 'ExecuteNonQuery' (8ms).
2025-10-18 00:54:33.945 +08:00 [DBG] Executing DbCommand [Parameters=[], CommandType='"Text"', CommandTimeout='30']
CREATE UNIQUE INDEX "IX_TelegramLinks_OneTimeCode" ON public."TelegramLinks" ("OneTimeCode");
2025-10-18 00:54:33.953 +08:00 [INF] Executed DbCommand (8ms) [Parameters=[], CommandType='"Text"', CommandTimeout='30']
CREATE UNIQUE INDEX "IX_TelegramLinks_OneTimeCode" ON public."TelegramLinks" ("OneTimeCode");
2025-10-18 00:54:33.960 +08:00 [DBG] Creating DbCommand for 'ExecuteNonQuery'.
2025-10-18 00:54:33.964 +08:00 [DBG] Created DbCommand for 'ExecuteNonQuery' (3ms).
2025-10-18 00:54:33.968 +08:00 [DBG] Initialized DbCommand for 'ExecuteNonQuery' (8ms).
2025-10-18 00:54:33.973 +08:00 [DBG] Executing DbCommand [Parameters=[], CommandType='"Text"', CommandTimeout='30']
CREATE UNIQUE INDEX "IX_UserAchievements_UserId_AchievementId" ON public."UserAchievements" ("UserId", "AchievementId");
2025-10-18 00:54:33.980 +08:00 [INF] Executed DbCommand (7ms) [Parameters=[], CommandType='"Text"', CommandTimeout='30']
CREATE UNIQUE INDEX "IX_UserAchievements_UserId_AchievementId" ON public."UserAchievements" ("UserId", "AchievementId");
2025-10-18 00:54:33.986 +08:00 [DBG] Creating DbCommand for 'ExecuteNonQuery'.
2025-10-18 00:54:33.989 +08:00 [DBG] Created DbCommand for 'ExecuteNonQuery' (3ms).
2025-10-18 00:54:34.010 +08:00 [DBG] Initialized DbCommand for 'ExecuteNonQuery' (23ms).
2025-10-18 00:54:34.031 +08:00 [DBG] Executing DbCommand [Parameters=[], CommandType='"Text"', CommandTimeout='30']
INSERT INTO "__EFMigrationsHistory" ("MigrationId", "ProductVersion")
VALUES ('20251017164429_InitialCreate', '9.0.10');
2025-10-18 00:54:34.043 +08:00 [INF] Executed DbCommand (12ms) [Parameters=[], CommandType='"Text"', CommandTimeout='30']
INSERT INTO "__EFMigrationsHistory" ("MigrationId", "ProductVersion")
VALUES ('20251017164429_InitialCreate', '9.0.10');
2025-10-18 00:54:34.053 +08:00 [DBG] Committing transaction.
2025-10-18 00:54:34.058 +08:00 [DBG] Committed transaction.
2025-10-18 00:54:34.062 +08:00 [DBG] Disposing transaction.
2025-10-18 00:54:34.065 +08:00 [DBG] Closing connection to database 'edu' on server 'tcp://localhost:5432'.
2025-10-18 00:54:34.071 +08:00 [DBG] Closed connection to database 'edu' on server 'tcp://localhost:5432' (5ms).
2025-10-18 00:54:34.082 +08:00 [DBG] 'AppDbContext' disposed.
2025-10-18 00:54:34.087 +08:00 [DBG] Disposing connection to database 'edu' on server 'tcp://localhost:5432'.
2025-10-18 00:54:34.091 +08:00 [DBG] Disposed connection to database 'edu' on server 'tcp://localhost:5432' (4ms).
2025-10-18 00:55:09.439 +08:00 [WRN] The foreign key property 'AttemptStep.AttemptId1' was created in shadow state because a conflicting property with the simple name 'AttemptId' exists in the entity type, but is either not mapped, is already used for another relationship, or is incompatible with the associated primary key type. See https://aka.ms/efcore-relationships for information on mapping relationships in EF Core.
2025-10-18 00:55:09.642 +08:00 [WRN] The foreign key property 'ScenarioStep.ScenarioId1' was created in shadow state because a conflicting property with the simple name 'ScenarioId' exists in the entity type, but is either not mapped, is already used for another relationship, or is incompatible with the associated primary key type. See https://aka.ms/efcore-relationships for information on mapping relationships in EF Core.
2025-10-18 00:55:10.462 +08:00 [INF] Executed DbCommand (44ms) [Parameters=[], CommandType='"Text"', CommandTimeout='30']
SELECT "MigrationId", "ProductVersion"
FROM "__EFMigrationsHistory"
ORDER BY "MigrationId";
2025-10-18 00:55:11.209 +08:00 [INF] Executed DbCommand (29ms) [Parameters=[], CommandType='"Text"', CommandTimeout='30']
CREATE TABLE IF NOT EXISTS "__EFMigrationsHistory" (
    "MigrationId" character varying(150) NOT NULL,
    "ProductVersion" character varying(32) NOT NULL,
    CONSTRAINT "PK___EFMigrationsHistory" PRIMARY KEY ("MigrationId")
);
2025-10-18 00:55:11.296 +08:00 [INF] Executed DbCommand (5ms) [Parameters=[], CommandType='"Text"', CommandTimeout='30']
LOCK TABLE "__EFMigrationsHistory" IN ACCESS EXCLUSIVE MODE
2025-10-18 00:55:11.331 +08:00 [INF] Executed DbCommand (3ms) [Parameters=[], CommandType='"Text"', CommandTimeout='30']
SELECT "MigrationId", "ProductVersion"
FROM "__EFMigrationsHistory"
ORDER BY "MigrationId";
2025-10-18 00:55:11.352 +08:00 [INF] No migrations were applied. The database is already up to date.
2025-10-18 00:55:11.431 +08:00 [INF] User profile is available. Using 'C:\Users\enixm\AppData\Local\ASP.NET\DataProtection-Keys' as key repository and Windows DPAPI to encrypt keys at rest.
2025-10-18 00:55:11.961 +08:00 [INF] Executed DbCommand (20ms) [Parameters=[@__normalizedName_0='?'], CommandType='"Text"', CommandTimeout='30']
SELECT a."Id", a."ConcurrencyStamp", a."Name", a."NormalizedName"
FROM public."AspNetRoles" AS a
WHERE a."NormalizedName" = @__normalizedName_0
LIMIT 1
2025-10-18 00:55:11.991 +08:00 [INF] Executed DbCommand (1ms) [Parameters=[@__normalizedName_0='?'], CommandType='"Text"', CommandTimeout='30']
SELECT a."Id", a."ConcurrencyStamp", a."Name", a."NormalizedName"
FROM public."AspNetRoles" AS a
WHERE a."NormalizedName" = @__normalizedName_0
LIMIT 1
2025-10-18 00:55:12.284 +08:00 [INF] Executed DbCommand (3ms) [Parameters=[@p0='?', @p1='?', @p2='?', @p3='?'], CommandType='"Text"', CommandTimeout='30']
INSERT INTO public."AspNetRoles" ("Id", "ConcurrencyStamp", "Name", "NormalizedName")
VALUES (@p0, @p1, @p2, @p3);
2025-10-18 00:55:12.319 +08:00 [INF] Executed DbCommand (1ms) [Parameters=[@__normalizedName_0='?'], CommandType='"Text"', CommandTimeout='30']
SELECT a."Id", a."ConcurrencyStamp", a."Name", a."NormalizedName"
FROM public."AspNetRoles" AS a
WHERE a."NormalizedName" = @__normalizedName_0
LIMIT 1
2025-10-18 00:55:12.330 +08:00 [INF] Executed DbCommand (1ms) [Parameters=[@__normalizedName_0='?'], CommandType='"Text"', CommandTimeout='30']
SELECT a."Id", a."ConcurrencyStamp", a."Name", a."NormalizedName"
FROM public."AspNetRoles" AS a
WHERE a."NormalizedName" = @__normalizedName_0
LIMIT 1
2025-10-18 00:55:12.343 +08:00 [INF] Executed DbCommand (1ms) [Parameters=[@p0='?', @p1='?', @p2='?', @p3='?'], CommandType='"Text"', CommandTimeout='30']
INSERT INTO public."AspNetRoles" ("Id", "ConcurrencyStamp", "Name", "NormalizedName")
VALUES (@p0, @p1, @p2, @p3);
2025-10-18 00:55:12.355 +08:00 [INF] Executed DbCommand (1ms) [Parameters=[@__normalizedName_0='?'], CommandType='"Text"', CommandTimeout='30']
SELECT a."Id", a."ConcurrencyStamp", a."Name", a."NormalizedName"
FROM public."AspNetRoles" AS a
WHERE a."NormalizedName" = @__normalizedName_0
LIMIT 1
2025-10-18 00:55:12.367 +08:00 [INF] Executed DbCommand (1ms) [Parameters=[@__normalizedName_0='?'], CommandType='"Text"', CommandTimeout='30']
SELECT a."Id", a."ConcurrencyStamp", a."Name", a."NormalizedName"
FROM public."AspNetRoles" AS a
WHERE a."NormalizedName" = @__normalizedName_0
LIMIT 1
2025-10-18 00:55:12.376 +08:00 [INF] Executed DbCommand (1ms) [Parameters=[@p0='?', @p1='?', @p2='?', @p3='?'], CommandType='"Text"', CommandTimeout='30']
INSERT INTO public."AspNetRoles" ("Id", "ConcurrencyStamp", "Name", "NormalizedName")
VALUES (@p0, @p1, @p2, @p3);
2025-10-18 00:55:12.408 +08:00 [INF] Executed DbCommand (2ms) [Parameters=[@__normalizedEmail_0='?'], CommandType='"Text"', CommandTimeout='30']
SELECT a."Id", a."AccessFailedCount", a."ConcurrencyStamp", a."CreatedAt", a."DisplayName", a."Email", a."EmailConfirmed", a."LockoutEnabled", a."LockoutEnd", a."NormalizedEmail", a."NormalizedUserName", a."PasswordHash", a."PhoneNumber", a."PhoneNumberConfirmed", a."SecurityStamp", a."TelegramId", a."TelegramUsername", a."TwoFactorEnabled", a."UserName"
FROM public."AspNetUsers" AS a
WHERE a."NormalizedEmail" = @__normalizedEmail_0
LIMIT 2
2025-10-18 00:55:12.617 +08:00 [INF] Executed DbCommand (1ms) [Parameters=[@__normalizedUserName_0='?'], CommandType='"Text"', CommandTimeout='30']
SELECT a."Id", a."AccessFailedCount", a."ConcurrencyStamp", a."CreatedAt", a."DisplayName", a."Email", a."EmailConfirmed", a."LockoutEnabled", a."LockoutEnd", a."NormalizedEmail", a."NormalizedUserName", a."PasswordHash", a."PhoneNumber", a."PhoneNumberConfirmed", a."SecurityStamp", a."TelegramId", a."TelegramUsername", a."TwoFactorEnabled", a."UserName"
FROM public."AspNetUsers" AS a
WHERE a."NormalizedUserName" = @__normalizedUserName_0
LIMIT 1
2025-10-18 00:55:12.853 +08:00 [INF] Executed DbCommand (48ms) [Parameters=[@p0='?', @p1='?' (DbType = Int32), @p2='?', @p3='?' (DbType = DateTime), @p4='?', @p5='?', @p6='?' (DbType = Boolean), @p7='?' (DbType = Boolean), @p8='?' (DbType = DateTime), @p9='?', @p10='?', @p11='?', @p12='?', @p13='?' (DbType = Boolean), @p14='?', @p15='?', @p16='?', @p17='?' (DbType = Boolean), @p18='?'], CommandType='"Text"', CommandTimeout='30']
INSERT INTO public."AspNetUsers" ("Id", "AccessFailedCount", "ConcurrencyStamp", "CreatedAt", "DisplayName", "Email", "EmailConfirmed", "LockoutEnabled", "LockoutEnd", "NormalizedEmail", "NormalizedUserName", "PasswordHash", "PhoneNumber", "PhoneNumberConfirmed", "SecurityStamp", "TelegramId", "TelegramUsername", "TwoFactorEnabled", "UserName")
VALUES (@p0, @p1, @p2, @p3, @p4, @p5, @p6, @p7, @p8, @p9, @p10, @p11, @p12, @p13, @p14, @p15, @p16, @p17, @p18);
2025-10-18 00:55:12.903 +08:00 [INF] Executed DbCommand (1ms) [Parameters=[@__normalizedRoleName_0='?'], CommandType='"Text"', CommandTimeout='30']
SELECT a."Id", a."ConcurrencyStamp", a."Name", a."NormalizedName"
FROM public."AspNetRoles" AS a
WHERE a."NormalizedName" = @__normalizedRoleName_0
LIMIT 2
2025-10-18 00:55:12.990 +08:00 [INF] Executed DbCommand (2ms) [Parameters=[@__p_0='?', @__p_1='?'], CommandType='"Text"', CommandTimeout='30']
SELECT a."UserId", a."RoleId"
FROM public."AspNetUserRoles" AS a
WHERE a."UserId" = @__p_0 AND a."RoleId" = @__p_1
LIMIT 1
2025-10-18 00:55:13.005 +08:00 [INF] Executed DbCommand (1ms) [Parameters=[@__normalizedRoleName_0='?'], CommandType='"Text"', CommandTimeout='30']
SELECT a."Id", a."ConcurrencyStamp", a."Name", a."NormalizedName"
FROM public."AspNetRoles" AS a
WHERE a."NormalizedName" = @__normalizedRoleName_0
LIMIT 2
2025-10-18 00:55:13.017 +08:00 [INF] Executed DbCommand (1ms) [Parameters=[@__p_0='?', @__p_1='?'], CommandType='"Text"', CommandTimeout='30']
SELECT a."UserId", a."RoleId"
FROM public."AspNetUserRoles" AS a
WHERE a."UserId" = @__p_0 AND a."RoleId" = @__p_1
LIMIT 1
2025-10-18 00:55:13.034 +08:00 [INF] Executed DbCommand (1ms) [Parameters=[@__normalizedRoleName_0='?'], CommandType='"Text"', CommandTimeout='30']
SELECT a."Id", a."ConcurrencyStamp", a."Name", a."NormalizedName"
FROM public."AspNetRoles" AS a
WHERE a."NormalizedName" = @__normalizedRoleName_0
LIMIT 2
2025-10-18 00:55:13.067 +08:00 [INF] Executed DbCommand (1ms) [Parameters=[@__normalizedUserName_0='?'], CommandType='"Text"', CommandTimeout='30']
SELECT a."Id", a."AccessFailedCount", a."ConcurrencyStamp", a."CreatedAt", a."DisplayName", a."Email", a."EmailConfirmed", a."LockoutEnabled", a."LockoutEnd", a."NormalizedEmail", a."NormalizedUserName", a."PasswordHash", a."PhoneNumber", a."PhoneNumberConfirmed", a."SecurityStamp", a."TelegramId", a."TelegramUsername", a."TwoFactorEnabled", a."UserName"
FROM public."AspNetUsers" AS a
WHERE a."NormalizedUserName" = @__normalizedUserName_0
LIMIT 1
2025-10-18 00:55:13.114 +08:00 [INF] Executed DbCommand (6ms) [Parameters=[@p0='?', @p1='?', @p20='?', @p2='?' (DbType = Int32), @p3='?', @p21='?', @p4='?' (DbType = DateTime), @p5='?', @p6='?', @p7='?' (DbType = Boolean), @p8='?' (DbType = Boolean), @p9='?' (DbType = DateTime), @p10='?', @p11='?', @p12='?', @p13='?', @p14='?' (DbType = Boolean), @p15='?', @p16='?', @p17='?', @p18='?' (DbType = Boolean), @p19='?'], CommandType='"Text"', CommandTimeout='30']
INSERT INTO public."AspNetUserRoles" ("RoleId", "UserId")
VALUES (@p0, @p1);
UPDATE public."AspNetUsers" SET "AccessFailedCount" = @p2, "ConcurrencyStamp" = @p3, "CreatedAt" = @p4, "DisplayName" = @p5, "Email" = @p6, "EmailConfirmed" = @p7, "LockoutEnabled" = @p8, "LockoutEnd" = @p9, "NormalizedEmail" = @p10, "NormalizedUserName" = @p11, "PasswordHash" = @p12, "PhoneNumber" = @p13, "PhoneNumberConfirmed" = @p14, "SecurityStamp" = @p15, "TelegramId" = @p16, "TelegramUsername" = @p17, "TwoFactorEnabled" = @p18, "UserName" = @p19
WHERE "Id" = @p20 AND "ConcurrencyStamp" = @p21;
2025-10-18 00:55:13.152 +08:00 [INF] Executed DbCommand (1ms) [Parameters=[@__normalizedEmail_0='?'], CommandType='"Text"', CommandTimeout='30']
SELECT a."Id", a."AccessFailedCount", a."ConcurrencyStamp", a."CreatedAt", a."DisplayName", a."Email", a."EmailConfirmed", a."LockoutEnabled", a."LockoutEnd", a."NormalizedEmail", a."NormalizedUserName", a."PasswordHash", a."PhoneNumber", a."PhoneNumberConfirmed", a."SecurityStamp", a."TelegramId", a."TelegramUsername", a."TwoFactorEnabled", a."UserName"
FROM public."AspNetUsers" AS a
WHERE a."NormalizedEmail" = @__normalizedEmail_0
LIMIT 2
2025-10-18 00:55:13.289 +08:00 [INF] Executed DbCommand (1ms) [Parameters=[@__normalizedUserName_0='?'], CommandType='"Text"', CommandTimeout='30']
SELECT a."Id", a."AccessFailedCount", a."ConcurrencyStamp", a."CreatedAt", a."DisplayName", a."Email", a."EmailConfirmed", a."LockoutEnabled", a."LockoutEnd", a."NormalizedEmail", a."NormalizedUserName", a."PasswordHash", a."PhoneNumber", a."PhoneNumberConfirmed", a."SecurityStamp", a."TelegramId", a."TelegramUsername", a."TwoFactorEnabled", a."UserName"
FROM public."AspNetUsers" AS a
WHERE a."NormalizedUserName" = @__normalizedUserName_0
LIMIT 1
2025-10-18 00:55:13.305 +08:00 [INF] Executed DbCommand (1ms) [Parameters=[@p0='?', @p1='?' (DbType = Int32), @p2='?', @p3='?' (DbType = DateTime), @p4='?', @p5='?', @p6='?' (DbType = Boolean), @p7='?' (DbType = Boolean), @p8='?' (DbType = DateTime), @p9='?', @p10='?', @p11='?', @p12='?', @p13='?' (DbType = Boolean), @p14='?', @p15='?', @p16='?', @p17='?' (DbType = Boolean), @p18='?'], CommandType='"Text"', CommandTimeout='30']
INSERT INTO public."AspNetUsers" ("Id", "AccessFailedCount", "ConcurrencyStamp", "CreatedAt", "DisplayName", "Email", "EmailConfirmed", "LockoutEnabled", "LockoutEnd", "NormalizedEmail", "NormalizedUserName", "PasswordHash", "PhoneNumber", "PhoneNumberConfirmed", "SecurityStamp", "TelegramId", "TelegramUsername", "TwoFactorEnabled", "UserName")
VALUES (@p0, @p1, @p2, @p3, @p4, @p5, @p6, @p7, @p8, @p9, @p10, @p11, @p12, @p13, @p14, @p15, @p16, @p17, @p18);
2025-10-18 00:55:13.318 +08:00 [INF] Executed DbCommand (1ms) [Parameters=[@__normalizedRoleName_0='?'], CommandType='"Text"', CommandTimeout='30']
SELECT a."Id", a."ConcurrencyStamp", a."Name", a."NormalizedName"
FROM public."AspNetRoles" AS a
WHERE a."NormalizedName" = @__normalizedRoleName_0
LIMIT 2
2025-10-18 00:55:13.335 +08:00 [INF] Executed DbCommand (1ms) [Parameters=[@__p_0='?', @__p_1='?'], CommandType='"Text"', CommandTimeout='30']
SELECT a."UserId", a."RoleId"
FROM public."AspNetUserRoles" AS a
WHERE a."UserId" = @__p_0 AND a."RoleId" = @__p_1
LIMIT 1
2025-10-18 00:55:13.352 +08:00 [INF] Executed DbCommand (1ms) [Parameters=[@__normalizedRoleName_0='?'], CommandType='"Text"', CommandTimeout='30']
SELECT a."Id", a."ConcurrencyStamp", a."Name", a."NormalizedName"
FROM public."AspNetRoles" AS a
WHERE a."NormalizedName" = @__normalizedRoleName_0
LIMIT 2
2025-10-18 00:55:13.364 +08:00 [INF] Executed DbCommand (1ms) [Parameters=[@__p_0='?', @__p_1='?'], CommandType='"Text"', CommandTimeout='30']
SELECT a."UserId", a."RoleId"
FROM public."AspNetUserRoles" AS a
WHERE a."UserId" = @__p_0 AND a."RoleId" = @__p_1
LIMIT 1
2025-10-18 00:55:13.375 +08:00 [INF] Executed DbCommand (1ms) [Parameters=[@__normalizedRoleName_0='?'], CommandType='"Text"', CommandTimeout='30']
SELECT a."Id", a."ConcurrencyStamp", a."Name", a."NormalizedName"
FROM public."AspNetRoles" AS a
WHERE a."NormalizedName" = @__normalizedRoleName_0
LIMIT 2
2025-10-18 00:55:13.388 +08:00 [INF] Executed DbCommand (1ms) [Parameters=[@__normalizedUserName_0='?'], CommandType='"Text"', CommandTimeout='30']
SELECT a."Id", a."AccessFailedCount", a."ConcurrencyStamp", a."CreatedAt", a."DisplayName", a."Email", a."EmailConfirmed", a."LockoutEnabled", a."LockoutEnd", a."NormalizedEmail", a."NormalizedUserName", a."PasswordHash", a."PhoneNumber", a."PhoneNumberConfirmed", a."SecurityStamp", a."TelegramId", a."TelegramUsername", a."TwoFactorEnabled", a."UserName"
FROM public."AspNetUsers" AS a
WHERE a."NormalizedUserName" = @__normalizedUserName_0
LIMIT 1
2025-10-18 00:55:13.400 +08:00 [INF] Executed DbCommand (1ms) [Parameters=[@p0='?', @p1='?', @p20='?', @p2='?' (DbType = Int32), @p3='?', @p21='?', @p4='?' (DbType = DateTime), @p5='?', @p6='?', @p7='?' (DbType = Boolean), @p8='?' (DbType = Boolean), @p9='?' (DbType = DateTime), @p10='?', @p11='?', @p12='?', @p13='?', @p14='?' (DbType = Boolean), @p15='?', @p16='?', @p17='?', @p18='?' (DbType = Boolean), @p19='?'], CommandType='"Text"', CommandTimeout='30']
INSERT INTO public."AspNetUserRoles" ("RoleId", "UserId")
VALUES (@p0, @p1);
UPDATE public."AspNetUsers" SET "AccessFailedCount" = @p2, "ConcurrencyStamp" = @p3, "CreatedAt" = @p4, "DisplayName" = @p5, "Email" = @p6, "EmailConfirmed" = @p7, "LockoutEnabled" = @p8, "LockoutEnd" = @p9, "NormalizedEmail" = @p10, "NormalizedUserName" = @p11, "PasswordHash" = @p12, "PhoneNumber" = @p13, "PhoneNumberConfirmed" = @p14, "SecurityStamp" = @p15, "TelegramId" = @p16, "TelegramUsername" = @p17, "TwoFactorEnabled" = @p18, "UserName" = @p19
WHERE "Id" = @p20 AND "ConcurrencyStamp" = @p21;
2025-10-18 00:55:13.412 +08:00 [INF] Executed DbCommand (1ms) [Parameters=[@__normalizedEmail_0='?'], CommandType='"Text"', CommandTimeout='30']
SELECT a."Id", a."AccessFailedCount", a."ConcurrencyStamp", a."CreatedAt", a."DisplayName", a."Email", a."EmailConfirmed", a."LockoutEnabled", a."LockoutEnd", a."NormalizedEmail", a."NormalizedUserName", a."PasswordHash", a."PhoneNumber", a."PhoneNumberConfirmed", a."SecurityStamp", a."TelegramId", a."TelegramUsername", a."TwoFactorEnabled", a."UserName"
FROM public."AspNetUsers" AS a
WHERE a."NormalizedEmail" = @__normalizedEmail_0
LIMIT 2
2025-10-18 00:55:13.557 +08:00 [INF] Executed DbCommand (2ms) [Parameters=[@__normalizedUserName_0='?'], CommandType='"Text"', CommandTimeout='30']
SELECT a."Id", a."AccessFailedCount", a."ConcurrencyStamp", a."CreatedAt", a."DisplayName", a."Email", a."EmailConfirmed", a."LockoutEnabled", a."LockoutEnd", a."NormalizedEmail", a."NormalizedUserName", a."PasswordHash", a."PhoneNumber", a."PhoneNumberConfirmed", a."SecurityStamp", a."TelegramId", a."TelegramUsername", a."TwoFactorEnabled", a."UserName"
FROM public."AspNetUsers" AS a
WHERE a."NormalizedUserName" = @__normalizedUserName_0
LIMIT 1
2025-10-18 00:55:13.604 +08:00 [INF] Executed DbCommand (2ms) [Parameters=[@p0='?', @p1='?' (DbType = Int32), @p2='?', @p3='?' (DbType = DateTime), @p4='?', @p5='?', @p6='?' (DbType = Boolean), @p7='?' (DbType = Boolean), @p8='?' (DbType = DateTime), @p9='?', @p10='?', @p11='?', @p12='?', @p13='?' (DbType = Boolean), @p14='?', @p15='?', @p16='?', @p17='?' (DbType = Boolean), @p18='?'], CommandType='"Text"', CommandTimeout='30']
INSERT INTO public."AspNetUsers" ("Id", "AccessFailedCount", "ConcurrencyStamp", "CreatedAt", "DisplayName", "Email", "EmailConfirmed", "LockoutEnabled", "LockoutEnd", "NormalizedEmail", "NormalizedUserName", "PasswordHash", "PhoneNumber", "PhoneNumberConfirmed", "SecurityStamp", "TelegramId", "TelegramUsername", "TwoFactorEnabled", "UserName")
VALUES (@p0, @p1, @p2, @p3, @p4, @p5, @p6, @p7, @p8, @p9, @p10, @p11, @p12, @p13, @p14, @p15, @p16, @p17, @p18);
2025-10-18 00:55:13.626 +08:00 [INF] Executed DbCommand (1ms) [Parameters=[@__normalizedRoleName_0='?'], CommandType='"Text"', CommandTimeout='30']
SELECT a."Id", a."ConcurrencyStamp", a."Name", a."NormalizedName"
FROM public."AspNetRoles" AS a
WHERE a."NormalizedName" = @__normalizedRoleName_0
LIMIT 2
2025-10-18 00:55:13.663 +08:00 [INF] Executed DbCommand (1ms) [Parameters=[@__p_0='?', @__p_1='?'], CommandType='"Text"', CommandTimeout='30']
SELECT a."UserId", a."RoleId"
FROM public."AspNetUserRoles" AS a
WHERE a."UserId" = @__p_0 AND a."RoleId" = @__p_1
LIMIT 1
2025-10-18 00:55:13.680 +08:00 [INF] Executed DbCommand (1ms) [Parameters=[@__normalizedRoleName_0='?'], CommandType='"Text"', CommandTimeout='30']
SELECT a."Id", a."ConcurrencyStamp", a."Name", a."NormalizedName"
FROM public."AspNetRoles" AS a
WHERE a."NormalizedName" = @__normalizedRoleName_0
LIMIT 2
2025-10-18 00:55:13.720 +08:00 [INF] Executed DbCommand (1ms) [Parameters=[@__p_0='?', @__p_1='?'], CommandType='"Text"', CommandTimeout='30']
SELECT a."UserId", a."RoleId"
FROM public."AspNetUserRoles" AS a
WHERE a."UserId" = @__p_0 AND a."RoleId" = @__p_1
LIMIT 1
2025-10-18 00:55:13.759 +08:00 [INF] Executed DbCommand (2ms) [Parameters=[@__normalizedRoleName_0='?'], CommandType='"Text"', CommandTimeout='30']
SELECT a."Id", a."ConcurrencyStamp", a."Name", a."NormalizedName"
FROM public."AspNetRoles" AS a
WHERE a."NormalizedName" = @__normalizedRoleName_0
LIMIT 2
2025-10-18 00:55:13.794 +08:00 [INF] Executed DbCommand (3ms) [Parameters=[@__normalizedUserName_0='?'], CommandType='"Text"', CommandTimeout='30']
SELECT a."Id", a."AccessFailedCount", a."ConcurrencyStamp", a."CreatedAt", a."DisplayName", a."Email", a."EmailConfirmed", a."LockoutEnabled", a."LockoutEnd", a."NormalizedEmail", a."NormalizedUserName", a."PasswordHash", a."PhoneNumber", a."PhoneNumberConfirmed", a."SecurityStamp", a."TelegramId", a."TelegramUsername", a."TwoFactorEnabled", a."UserName"
FROM public."AspNetUsers" AS a
WHERE a."NormalizedUserName" = @__normalizedUserName_0
LIMIT 1
2025-10-18 00:55:13.849 +08:00 [INF] Executed DbCommand (3ms) [Parameters=[@p0='?', @p1='?', @p20='?', @p2='?' (DbType = Int32), @p3='?', @p21='?', @p4='?' (DbType = DateTime), @p5='?', @p6='?', @p7='?' (DbType = Boolean), @p8='?' (DbType = Boolean), @p9='?' (DbType = DateTime), @p10='?', @p11='?', @p12='?', @p13='?', @p14='?' (DbType = Boolean), @p15='?', @p16='?', @p17='?', @p18='?' (DbType = Boolean), @p19='?'], CommandType='"Text"', CommandTimeout='30']
INSERT INTO public."AspNetUserRoles" ("RoleId", "UserId")
VALUES (@p0, @p1);
UPDATE public."AspNetUsers" SET "AccessFailedCount" = @p2, "ConcurrencyStamp" = @p3, "CreatedAt" = @p4, "DisplayName" = @p5, "Email" = @p6, "EmailConfirmed" = @p7, "LockoutEnabled" = @p8, "LockoutEnd" = @p9, "NormalizedEmail" = @p10, "NormalizedUserName" = @p11, "PasswordHash" = @p12, "PhoneNumber" = @p13, "PhoneNumberConfirmed" = @p14, "SecurityStamp" = @p15, "TelegramId" = @p16, "TelegramUsername" = @p17, "TwoFactorEnabled" = @p18, "UserName" = @p19
WHERE "Id" = @p20 AND "ConcurrencyStamp" = @p21;
2025-10-18 00:55:13.933 +08:00 [INF] Executed DbCommand (3ms) [Parameters=[], CommandType='"Text"', CommandTimeout='30']
SELECT EXISTS (
    SELECT 1
    FROM public."Scenarios" AS s)
2025-10-18 00:55:14.326 +08:00 [INF] Executed DbCommand (2ms) [Parameters=[], CommandType='"Text"', CommandTimeout='30']
SELECT EXISTS (
    SELECT 1
    FROM public."Achievements" AS a)
2025-10-18 00:55:14.433 +08:00 [INF] Executed DbCommand (9ms) [Parameters=[@p0='?' (DbType = Guid), @p1='?', @p2='?', @p3='?', @p4='?', @p5='?', @p6='?' (DbType = Guid), @p7='?', @p8='?', @p9='?', @p10='?', @p11='?', @p12='?' (DbType = Guid), @p13='?', @p14='?', @p15='?', @p16='?', @p17='?', @p18='?' (DbType = Guid), @p19='?', @p20='?' (DbType = DateTime), @p21='?', @p22='?' (DbType = Int32), @p23='?' (DbType = Boolean), @p24='?', @p25='?', @p26='?', @p27='?' (DbType = DateTime), @p28='?' (DbType = Guid), @p29='?', @p30='?' (DbType = DateTime), @p31='?', @p32='?' (DbType = Int32), @p33='?' (DbType = Boolean), @p34='?', @p35='?', @p36='?', @p37='?' (DbType = DateTime), @p38='?' (DbType = Guid), @p39='?', @p40='?' (DbType = Int32), @p41='?' (DbType = Int32), @p42='?' (DbType = Guid), @p43='?' (DbType = Guid), @p44='?' (DbType = Int32), @p45='?', @p46='?' (DbType = Guid), @p47='?', @p48='?' (DbType = Int32), @p49='?' (DbType = Int32), @p50='?' (DbType = Guid), @p51='?' (DbType = Guid), @p52='?' (DbType = Int32), @p53='?', @p54='?' (DbType = Guid), @p55='?', @p56='?' (DbType = Int32), @p57='?' (DbType = Int32), @p58='?' (DbType = Guid), @p59='?' (DbType = Guid), @p60='?' (DbType = Int32), @p61='?', @p62='?' (DbType = Guid), @p63='?', @p64='?' (DbType = Int32), @p65='?' (DbType = Int32), @p66='?' (DbType = Guid), @p67='?' (DbType = Guid), @p68='?' (DbType = Int32), @p69='?', @p70='?' (DbType = Guid), @p71='?', @p72='?' (DbType = Int32), @p73='?' (DbType = Int32), @p74='?' (DbType = Guid), @p75='?' (DbType = Guid), @p76='?' (DbType = Int32), @p77='?', @p78='?' (DbType = Guid), @p79='?', @p80='?' (DbType = Int32), @p81='?' (DbType = Int32), @p82='?' (DbType = Guid), @p83='?' (DbType = Guid), @p84='?' (DbType = Int32), @p85='?'], CommandType='"Text"', CommandTimeout='30']
INSERT INTO public."Achievements" ("Id", "Code", "Description", "IconUrl", "RuleJson", "Title")
VALUES (@p0, @p1, @p2, @p3, @p4, @p5);
INSERT INTO public."Achievements" ("Id", "Code", "Description", "IconUrl", "RuleJson", "Title")
VALUES (@p6, @p7, @p8, @p9, @p10, @p11);
INSERT INTO public."Achievements" ("Id", "Code", "Description", "IconUrl", "RuleJson", "Title")
VALUES (@p12, @p13, @p14, @p15, @p16, @p17);
INSERT INTO public."Scenarios" ("Id", "AuthorId", "CreatedAt", "Description", "Difficulty", "IsPublished", "Slug", "Tags", "Title", "UpdatedAt")
VALUES (@p18, @p19, @p20, @p21, @p22, @p23, @p24, @p25, @p26, @p27);
INSERT INTO public."Scenarios" ("Id", "AuthorId", "CreatedAt", "Description", "Difficulty", "IsPublished", "Slug", "Tags", "Title", "UpdatedAt")
VALUES (@p28, @p29, @p30, @p31, @p32, @p33, @p34, @p35, @p36, @p37);
INSERT INTO public."ScenarioSteps" ("Id", "Content", "MaxScore", "Order", "ScenarioId", "ScenarioId1", "StepType", "Title")
VALUES (@p38, @p39, @p40, @p41, @p42, @p43, @p44, @p45);
INSERT INTO public."ScenarioSteps" ("Id", "Content", "MaxScore", "Order", "ScenarioId", "ScenarioId1", "StepType", "Title")
VALUES (@p46, @p47, @p48, @p49, @p50, @p51, @p52, @p53);
INSERT INTO public."ScenarioSteps" ("Id", "Content", "MaxScore", "Order", "ScenarioId", "ScenarioId1", "StepType", "Title")
VALUES (@p54, @p55, @p56, @p57, @p58, @p59, @p60, @p61);
INSERT INTO public."ScenarioSteps" ("Id", "Content", "MaxScore", "Order", "ScenarioId", "ScenarioId1", "StepType", "Title")
VALUES (@p62, @p63, @p64, @p65, @p66, @p67, @p68, @p69);
INSERT INTO public."ScenarioSteps" ("Id", "Content", "MaxScore", "Order", "ScenarioId", "ScenarioId1", "StepType", "Title")
VALUES (@p70, @p71, @p72, @p73, @p74, @p75, @p76, @p77);
INSERT INTO public."ScenarioSteps" ("Id", "Content", "MaxScore", "Order", "ScenarioId", "ScenarioId1", "StepType", "Title")
VALUES (@p78, @p79, @p80, @p81, @p82, @p83, @p84, @p85);
2025-10-18 00:55:16.658 +08:00 [INF] Now listening on: http://localhost:5000
2025-10-18 00:55:16.686 +08:00 [INF] Application started. Press Ctrl+C to shut down.
2025-10-18 00:55:16.696 +08:00 [INF] Hosting environment: Production
2025-10-18 00:55:16.701 +08:00 [INF] Content root path: E:\UniProject\enx-questor-edu\EnxQuestor\Web
2025-10-18 00:55:32.059 +08:00 [INF] Request starting HTTP/1.1 GET http://localhost:5000/ - null null
2025-10-18 00:55:33.437 +08:00 [INF] Executing endpoint '/Index'
2025-10-18 00:55:33.772 +08:00 [INF] Route matched with {page = "/Index"}. Executing page /Index
2025-10-18 00:55:33.930 +08:00 [INF] Executing handler method IndexModel.OnGet - ModelState is "Valid"
2025-10-18 00:55:34.251 +08:00 [INF] Executed DbCommand (16ms) [Parameters=[], CommandType='"Text"', CommandTimeout='30']
SELECT s."Id", s."AuthorId", s."CreatedAt", s."Description", s."Difficulty", s."IsPublished", s."Slug", s."Tags", s."Title", s."UpdatedAt"
FROM public."Scenarios" AS s
WHERE s."IsPublished"
ORDER BY s."CreatedAt" DESC
2025-10-18 00:55:34.386 +08:00 [INF] Executed handler method OnGet, returned result .
2025-10-18 00:55:34.496 +08:00 [INF] Executing an implicit handler method - ModelState is "Valid"
2025-10-18 00:55:34.525 +08:00 [INF] Executed an implicit handler method, returned result Microsoft.AspNetCore.Mvc.RazorPages.PageResult.
2025-10-18 00:55:34.711 +08:00 [INF] Executed page /Index in 823.6193ms
2025-10-18 00:55:34.775 +08:00 [INF] Executed endpoint '/Index'
2025-10-18 00:55:34.894 +08:00 [INF] HTTP GET / responded 200 in 1813.3328 ms
2025-10-18 00:55:35.103 +08:00 [INF] Request finished HTTP/1.1 GET http://localhost:5000/ - 200 null text/html; charset=utf-8 3049.4636ms
2025-10-18 00:55:35.400 +08:00 [INF] Request starting HTTP/1.1 GET http://localhost:5000/favicon.ico - null null
2025-10-18 00:55:35.549 +08:00 [INF] HTTP GET /favicon.ico responded 404 in 48.9864 ms
2025-10-18 00:55:35.677 +08:00 [INF] Request finished HTTP/1.1 GET http://localhost:5000/favicon.ico - 404 0 null 277.892ms
2025-10-18 00:55:35.850 +08:00 [INF] Request reached the end of the middleware pipeline without being handled by application code. Request path: GET http://localhost:5000/favicon.ico, Response status code: 404
2025-10-18 00:55:49.342 +08:00 [INF] Request starting HTTP/1.1 GET http://localhost:5000/Scenarios/git-quiz - null null
2025-10-18 00:55:49.411 +08:00 [INF] HTTP GET /Scenarios/git-quiz responded 404 in 12.4290 ms
2025-10-18 00:55:49.459 +08:00 [INF] Request finished HTTP/1.1 GET http://localhost:5000/Scenarios/git-quiz - 404 0 null 116.7267ms
2025-10-18 00:55:49.919 +08:00 [INF] Request reached the end of the middleware pipeline without being handled by application code. Request path: GET http://localhost:5000/Scenarios/git-quiz, Response status code: 404
2025-10-18 00:56:00.134 +08:00 [INF] Request starting HTTP/1.1 GET http://localhost:5000/Scenarios/git-quiz - null null
2025-10-18 00:56:00.415 +08:00 [INF] HTTP GET /Scenarios/git-quiz responded 404 in 0.3598 ms
2025-10-18 00:56:00.466 +08:00 [INF] Request finished HTTP/1.1 GET http://localhost:5000/Scenarios/git-quiz - 404 0 null 332.8371ms
2025-10-18 00:56:00.934 +08:00 [INF] Request reached the end of the middleware pipeline without being handled by application code. Request path: GET http://localhost:5000/Scenarios/git-quiz, Response status code: 404
2025-10-18 00:56:14.963 +08:00 [INF] Request starting HTTP/1.1 GET http://localhost:5000/Scenarios/solid-intro - null null
2025-10-18 00:56:15.001 +08:00 [INF] HTTP GET /Scenarios/solid-intro responded 404 in 0.2187 ms
2025-10-18 00:56:15.017 +08:00 [INF] Request finished HTTP/1.1 GET http://localhost:5000/Scenarios/solid-intro - 404 0 null 53.3838ms
2025-10-18 00:56:15.122 +08:00 [INF] Request reached the end of the middleware pipeline without being handled by application code. Request path: GET http://localhost:5000/Scenarios/solid-intro, Response status code: 404
2025-10-18 01:02:29.079 +08:00 [INF] Request starting HTTP/1.1 GET http://localhost:5000/Scenarios/solid-intro - null null
2025-10-18 01:02:29.142 +08:00 [INF] HTTP GET /Scenarios/solid-intro responded 404 in 0.5220 ms
2025-10-18 01:02:29.156 +08:00 [INF] Request finished HTTP/1.1 GET http://localhost:5000/Scenarios/solid-intro - 404 0 null 77.0644ms
2025-10-18 01:02:29.237 +08:00 [INF] Request reached the end of the middleware pipeline without being handled by application code. Request path: GET http://localhost:5000/Scenarios/solid-intro, Response status code: 404
2025-10-18 01:03:00.365 +08:00 [INF] Application is shutting down...
